Using pre-set license
Built from '2021.3/staging' branch; Version is '2021.3.4f1 (cb45f9cae8b7) revision 13321721'; Using compiler version '192829333'; Build Type 'Release'
OS: 'Windows 10  (10.0.19044) 64bit Core' Language: 'ru' Physical Memory: 16122 MB
BatchMode: 1, IsHumanControllingUs: 0, StartBugReporterOnCrash: 0, Is64bit: 1, IsPro: 1

COMMAND LINE ARGUMENTS:
C:\Program Files\Unity\Hub\Editor\2021.3.4f1\Editor\Unity.exe
-adb2
-batchMode
-noUpm
-name
AssetImportWorker6
-projectPath
C:/Unity/UnityProjects/VRP
-logFile
Logs/AssetImportWorker6.log
-srvPort
53162
Successfully changed project path to: C:/Unity/UnityProjects/VRP
C:/Unity/UnityProjects/VRP
[UnityMemory] Configuration Parameters - Can be set up in boot.config
    "memorysetup-bucket-allocator-granularity=16"
    "memorysetup-bucket-allocator-bucket-count=8"
    "memorysetup-bucket-allocator-block-size=33554432"
    "memorysetup-bucket-allocator-block-count=8"
    "memorysetup-main-allocator-block-size=16777216"
    "memorysetup-thread-allocator-block-size=16777216"
    "memorysetup-gfx-main-allocator-block-size=16777216"
    "memorysetup-gfx-thread-allocator-block-size=16777216"
    "memorysetup-cache-allocator-block-size=4194304"
    "memorysetup-typetree-allocator-block-size=2097152"
    "memorysetup-profiler-bucket-allocator-granularity=16"
    "memorysetup-profiler-bucket-allocator-bucket-count=8"
    "memorysetup-profiler-bucket-allocator-block-size=33554432"
    "memorysetup-profiler-bucket-allocator-block-count=8"
    "memorysetup-profiler-allocator-block-size=16777216"
    "memorysetup-profiler-editor-allocator-block-size=1048576"
    "memorysetup-temp-allocator-size-main=16777216"
    "memorysetup-job-temp-allocator-block-size=2097152"
    "memorysetup-job-temp-allocator-block-size-background=1048576"
    "memorysetup-job-temp-allocator-reduction-small-platforms=262144"
    "memorysetup-temp-allocator-size-background-worker=32768"
    "memorysetup-temp-allocator-size-job-worker=262144"
    "memorysetup-temp-allocator-size-preload-manager=33554432"
    "memorysetup-temp-allocator-size-nav-mesh-worker=65536"
    "memorysetup-temp-allocator-size-audio-worker=65536"
    "memorysetup-temp-allocator-size-cloud-worker=32768"
    "memorysetup-temp-allocator-size-gi-baking-worker=262144"
    "memorysetup-temp-allocator-size-gfx=262144"
Refreshing native plugins compatible for Editor in 149.90 ms, found 14 plugins.
Preloading 1 native plugins for Editor in 2.53 ms.
Initialize engine version: 2021.3.4f1 (cb45f9cae8b7)
[Subsystems] Discovering subsystems at path C:/Program Files/Unity/Hub/Editor/2021.3.4f1/Editor/Data/Resources/UnitySubsystems
[Subsystems] Discovering subsystems at path C:/Unity/UnityProjects/VRP/Assets
GfxDevice: creating device client; threaded=0; jobified=0
Direct3D:
    Version:  Direct3D 11.0 [level 11.1]
    Renderer: NVIDIA GeForce RTX 3060 Laptop GPU (ID=0x2520)
    Vendor:   NVIDIA
    VRAM:     6023 MB
    Driver:   30.0.15.1278
Initialize mono
Mono path[0] = 'C:/Program Files/Unity/Hub/Editor/2021.3.4f1/Editor/Data/Managed'
Mono path[1] = 'C:/Program Files/Unity/Hub/Editor/2021.3.4f1/Editor/Data/MonoBleedingEdge/lib/mono/unityjit-win32'
Mono config path = 'C:/Program Files/Unity/Hub/Editor/2021.3.4f1/Editor/Data/MonoBleedingEdge/etc'
Using monoOptions --debugger-agent=transport=dt_socket,embedding=1,server=y,suspend=n,address=127.0.0.1:56908
Begin MonoManager ReloadAssembly
Registering precompiled unity dll's ...
Register platform support module: C:/Program Files/Unity/Hub/Editor/2021.3.4f1/Editor/Data/PlaybackEngines/AndroidPlayer/UnityEditor.Android.Extensions.dll
Register platform support module: C:/Program Files/Unity/Hub/Editor/2021.3.4f1/Editor/Data/PlaybackEngines/WindowsStandaloneSupport/UnityEditor.WindowsStandalone.Extensions.dll
Registered in 0.007568 seconds.
Native extension for WindowsStandalone target not found
Native extension for Android target not found
Refreshing native plugins compatible for Editor in 89.49 ms, found 14 plugins.
Preloading 1 native plugins for Editor in 0.08 ms.
Mono: successfully reloaded assembly
- Completed reload, in  0.680 seconds
Domain Reload Profiling:
	ReloadAssembly (681ms)
		BeginReloadAssembly (96ms)
			ExecutionOrderSort (0ms)
			DisableScriptedObjects (0ms)
			BackupInstance (0ms)
			ReleaseScriptingObjects (0ms)
			CreateAndSetChildDomain (1ms)
		EndReloadAssembly (474ms)
			LoadAssemblies (94ms)
			RebuildTransferFunctionScriptingTraits (0ms)
			SetupTypeCache (142ms)
			ReleaseScriptCaches (0ms)
			RebuildScriptCaches (25ms)
			SetupLoadedEditorAssemblies (244ms)
				LogAssemblyErrors (0ms)
				InitializePlatformSupportModulesInManaged (42ms)
				SetLoadedEditorAssemblies (0ms)
				RefreshPlugins (90ms)
				BeforeProcessingInitializeOnLoad (1ms)
				ProcessInitializeOnLoadAttributes (73ms)
				ProcessInitializeOnLoadMethodAttributes (37ms)
				AfterProcessingInitializeOnLoad (0ms)
				EditorAssembliesLoaded (0ms)
			ExecutionOrderSort2 (0ms)
			AwakeInstancesAfterBackupRestoration (0ms)
Platform modules already initialized, skipping
Registering precompiled user dll's ...
Registered in 0.010817 seconds.
Begin MonoManager ReloadAssembly
Symbol file LoadedFromMemory doesn't match image C:\Unity\UnityProjects\VRP\Library\PackageCache\com.unity.visualscripting@1.7.8\Editor\VisualScripting.Core\Dependencies\DotNetZip\Unity.VisualScripting.IonicZip.dll
Symbol file LoadedFromMemory doesn't match image C:\Unity\UnityProjects\VRP\Library\PackageCache\com.unity.visualscripting@1.7.8\Editor\VisualScripting.Core\Dependencies\YamlDotNet\Unity.VisualScripting.YamlDotNet.dll
Native extension for WindowsStandalone target not found
Native extension for Android target not found
Refreshing native plugins compatible for Editor in 88.51 ms, found 14 plugins.
Preloading 1 native plugins for Editor in 0.08 ms.
Package Manager log level set to [2]
System.Reflection.TargetInvocationException: Exception has been thrown by the target of an invocation. ---> System.NullReferenceException: Object reference not set to an instance of an object
  at Unity.XR.Oculus.OculusLoader.AssetPathToAbsolutePath (System.String assetPath) [0x00040] in C:\Unity\UnityProjects\VRP\Library\PackageCache\com.unity.xr.oculus@3.0.1\Runtime\OculusLoader.cs:257 
  at Unity.XR.Oculus.OculusLoader.EditorLoadOVRPlugin () [0x0007b] in C:\Unity\UnityProjects\VRP\Library\PackageCache\com.unity.xr.oculus@3.0.1\Runtime\OculusLoader.cs:242 
  at (wrapper managed-to-native) System.Reflection.RuntimeMethodInfo.InternalInvoke(System.Reflection.RuntimeMethodInfo,object,object[],System.Exception&)
  at System.Reflection.RuntimeMethodInfo.Invoke (System.Object obj, System.Reflection.BindingFlags invokeAttr, System.Reflection.Binder binder, System.Object[] parameters, System.Globalization.CultureInfo culture) [0x0006a] in <d4cde64232cf45659d86aafa597faa77>:0 
   --- End of inner exception stack trace ---
  at System.Reflection.RuntimeMethodInfo.Invoke (System.Object obj, System.Reflection.BindingFlags invokeAttr, System.Reflection.Binder binder, System.Object[] parameters, System.Globalization.CultureInfo culture) [0x00083] in <d4cde64232cf45659d86aafa597faa77>:0 
  at System.Reflection.MethodBase.Invoke (System.Object obj, System.Object[] parameters) [0x00000] in <d4cde64232cf45659d86aafa597faa77>:0 
  at UnityEditor.EditorAssemblies.ProcessInitializeOnLoadMethodAttributes () [0x000a5] in <36f62d8e760b48f7af5d32916f997ce1>:0 
UnityEngine.StackTraceUtility:ExtractStackTrace ()
UnityEngine.DebugLogHandler:LogFormat (UnityEngine.LogType,UnityEngine.Object,string,object[])
UnityEngine.Logger:Log (UnityEngine.LogType,object)
UnityEngine.Debug:LogError (object)
UnityEditor.EditorAssemblies:ProcessInitializeOnLoadMethodAttributes ()

Mono: successfully reloaded assembly
- Completed reload, in  1.152 seconds
Domain Reload Profiling:
	ReloadAssembly (1153ms)
		BeginReloadAssembly (91ms)
			ExecutionOrderSort (0ms)
			DisableScriptedObjects (4ms)
			BackupInstance (0ms)
			ReleaseScriptingObjects (0ms)
			CreateAndSetChildDomain (17ms)
		EndReloadAssembly (980ms)
			LoadAssemblies (79ms)
			RebuildTransferFunctionScriptingTraits (0ms)
			SetupTypeCache (239ms)
			ReleaseScriptCaches (1ms)
			RebuildScriptCaches (50ms)
			SetupLoadedEditorAssemblies (559ms)
				LogAssemblyErrors (0ms)
				InitializePlatformSupportModulesInManaged (17ms)
				SetLoadedEditorAssemblies (0ms)
				RefreshPlugins (89ms)
				BeforeProcessingInitializeOnLoad (85ms)
				ProcessInitializeOnLoadAttributes (314ms)
				ProcessInitializeOnLoadMethodAttributes (42ms)
				AfterProcessingInitializeOnLoad (11ms)
				EditorAssembliesLoaded (0ms)
			ExecutionOrderSort2 (0ms)
			AwakeInstancesAfterBackupRestoration (9ms)
Platform modules already initialized, skipping
========================================================================
Worker process is ready to serve import requests
Launched and connected shader compiler UnityShaderCompiler.exe after 0.07 seconds
Refreshing native plugins compatible for Editor in 1.96 ms, found 14 plugins.
Preloading 1 native plugins for Editor in 0.25 ms.
Unloading 4378 Unused Serialized files (Serialized files now loaded: 0)
Unloading 50 unused Assets / (86.4 KB). Loaded Objects now: 4851.
Memory consumption went from 174.0 MB to 174.0 MB.
Total: 6.235000 ms (FindLiveObjects: 0.544400 ms CreateObjectMapping: 0.482100 ms MarkObjects: 4.970800 ms  DeleteObjects: 0.235900 ms)

AssetImportParameters requested are different than current active one (requested -> active):
  custom:video-decoder-ogg-theora: a1e56fd34408186e4bbccfd4996cb3dc -> 
  custom:container-muxer-webm: aa71ff27fc2769a1b78a27578f13a17b -> 
  custom:container-demuxer-webm: 4f35f7cbe854078d1ac9338744f61a02 -> 
  custom:video-encoder-webm-vp8: eb34c28f22e8b96e1ab97ce403110664 -> 
  custom:audio-encoder-webm-vorbis: bf7c407c2cedff20999df2af8eb42d56 -> 
  custom:framework-win-MediaFoundation: 216162199b28c13a410421893ffa2e32 -> 
  custom:container-demuxer-ogg: 62fdf1f143b41e24485cea50d1cbac27 -> 
  custom:video-decoder-webm-vp8: 9c59270c3fd7afecdb556c50c9e8de78 -> 
  custom:audio-decoder-ogg-vorbis: bf7c407c2cedff20999df2af8eb42d56 -> 
========================================================================
Received Import Request.
  Time since last request: 8022.771159 seconds.
  path: Assets/VR Beginner/Animations/CauldronLidAnimation.fbx
  artifactKey: Guid(2ab8f38c93427174ab46ab73754f849e) Importer(815301076,1909f56bfc062723c751e8b465ee728b)
Start importing Assets/VR Beginner/Animations/CauldronLidAnimation.fbx using Guid(2ab8f38c93427174ab46ab73754f849e) Importer(815301076,1909f56bfc062723c751e8b465ee728b)  -> (artifact id: '20ee08d74e823f21927f1c45154c1112') in 0.187989 seconds 
========================================================================
Received Import Request.
  Time since last request: 13.913461 seconds.
  path: Assets/VR Beginner/Data/UniversalRenderPipelineAssetDesktop.asset
  artifactKey: Guid(0106d0b55d9a5494495b6f30e3bda253) Importer(815301076,1909f56bfc062723c751e8b465ee728b)
Start importing Assets/VR Beginner/Data/UniversalRenderPipelineAssetDesktop.asset using Guid(0106d0b55d9a5494495b6f30e3bda253) Importer(815301076,1909f56bfc062723c751e8b465ee728b)  -> (artifact id: '55302a91fb9e61791a1e5ef3eb45ab6c') in 0.006942 seconds 
========================================================================
Received Import Request.
  Time since last request: 0.000033 seconds.
  path: Assets/VR Beginner/Data/VFXDefaultResources.asset
  artifactKey: Guid(5ea448f75fb2c4d40ba23d33482e8010) Importer(815301076,1909f56bfc062723c751e8b465ee728b)
Start importing Assets/VR Beginner/Data/VFXDefaultResources.asset using Guid(5ea448f75fb2c4d40ba23d33482e8010) Importer(815301076,1909f56bfc062723c751e8b465ee728b)  -> (artifact id: 'd30a1832800a4eec9c60d7043db07a1d') in 0.005969 seconds 
========================================================================
Received Import Request.
  Time since last request: 20.564521 seconds.
  path: Assets/VR Beginner/Prefabs/EscapeRoom/CauldronSplash.prefab
  artifactKey: Guid(42c33869b6a45b84d92daee22b72ee13) Importer(815301076,1909f56bfc062723c751e8b465ee728b)
Start importing Assets/VR Beginner/Prefabs/EscapeRoom/CauldronSplash.prefab using Guid(42c33869b6a45b84d92daee22b72ee13) Importer(815301076,1909f56bfc062723c751e8b465ee728b)  -> (artifact id: '5889ab79579cb0c5e32d89786e9a6e46') in 0.015828 seconds 
========================================================================
Received Import Request.
  Time since last request: 0.000040 seconds.
  path: Assets/VR Beginner/Prefabs/EscapeRoom/LeftHand.prefab
  artifactKey: Guid(31ededa4bafe9c94c9cfbf774c4e7a59) Importer(815301076,1909f56bfc062723c751e8b465ee728b)
Start importing Assets/VR Beginner/Prefabs/EscapeRoom/LeftHand.prefab using Guid(31ededa4bafe9c94c9cfbf774c4e7a59) Importer(815301076,1909f56bfc062723c751e8b465ee728b)  -> (artifact id: 'ba33e2a48d074cf64e5cdd9c2e276d00') in 0.054667 seconds 
========================================================================
Received Import Request.
  Time since last request: 0.000042 seconds.
  path: Assets/VR Beginner/Prefabs/EscapeRoom/Wristwatch.prefab
  artifactKey: Guid(e9600d6d936d9f5448c3c2d81f655697) Importer(815301076,1909f56bfc062723c751e8b465ee728b)
Start importing Assets/VR Beginner/Prefabs/EscapeRoom/Wristwatch.prefab using Guid(e9600d6d936d9f5448c3c2d81f655697) Importer(815301076,1909f56bfc062723c751e8b465ee728b)  -> (artifact id: 'fa3ee97942ced6b6cad1c5bc5987f411') in 0.039534 seconds 
========================================================================
Received Import Request.
  Time since last request: 0.000067 seconds.
  path: Assets/VR Beginner/Prefabs/EscapeRoom/InstructionsBookAndShootingWand.prefab
  artifactKey: Guid(022b22f3c99f40d4391a1227940613f9) Importer(815301076,1909f56bfc062723c751e8b465ee728b)
Start importing Assets/VR Beginner/Prefabs/EscapeRoom/InstructionsBookAndShootingWand.prefab using Guid(022b22f3c99f40d4391a1227940613f9) Importer(815301076,1909f56bfc062723c751e8b465ee728b)  -> (artifact id: '1fffa0234440cc3f38e4692e38db8f68') in 0.026572 seconds 
========================================================================
Received Import Request.
  Time since last request: 5.133890 seconds.
  path: Assets/VR Beginner/Prefabs/Stations/BookHolderFinal.prefab
  artifactKey: Guid(762e3c2a45258ea4baa2ab45328a3243) Importer(815301076,1909f56bfc062723c751e8b465ee728b)
Start importing Assets/VR Beginner/Prefabs/Stations/BookHolderFinal.prefab using Guid(762e3c2a45258ea4baa2ab45328a3243) Importer(815301076,1909f56bfc062723c751e8b465ee728b)  -> (artifact id: '061371618a775830da28a5e387b32a80') in 0.020428 seconds 
========================================================================
Received Import Request.
  Time since last request: 0.000030 seconds.
  path: Assets/VR Beginner/Prefabs/Stations/Desk.prefab
  artifactKey: Guid(01a64cc768ea0434cb358614311e7565) Importer(815301076,1909f56bfc062723c751e8b465ee728b)
Start importing Assets/VR Beginner/Prefabs/Stations/Desk.prefab using Guid(01a64cc768ea0434cb358614311e7565) Importer(815301076,1909f56bfc062723c751e8b465ee728b)  -> (artifact id: 'b9306026ca066bd5e51acaad1dd0a35d') in 0.031175 seconds 
========================================================================
Received Import Request.
  Time since last request: 0.000134 seconds.
  path: Assets/VR Beginner/Prefabs/Stations/Kitchen.prefab
  artifactKey: Guid(89026add816f1f142b81b0985e4e79a9) Importer(815301076,1909f56bfc062723c751e8b465ee728b)
Start importing Assets/VR Beginner/Prefabs/Stations/Kitchen.prefab using Guid(89026add816f1f142b81b0985e4e79a9) Importer(815301076,1909f56bfc062723c751e8b465ee728b)  -> (artifact id: '3ec4c8cf4036d18ab435ccec4ded5de1') in 0.024292 seconds 
========================================================================
Received Import Request.
  Time since last request: 22.766668 seconds.
  path: Assets/VR Beginner/Prefabs/PrototypeScene/DimmerSwitch.prefab
  artifactKey: Guid(c4f2734a8b499614c86618f2504ba0be) Importer(815301076,1909f56bfc062723c751e8b465ee728b)
Start importing Assets/VR Beginner/Prefabs/PrototypeScene/DimmerSwitch.prefab using Guid(c4f2734a8b499614c86618f2504ba0be) Importer(815301076,1909f56bfc062723c751e8b465ee728b)  -> (artifact id: '00709da38b987502aca42caf58331dac') in 0.023612 seconds 
========================================================================
Received Import Request.
  Time since last request: 0.000029 seconds.
  path: Assets/VR Beginner/Prefabs/PrototypeScene/Fan.prefab
  artifactKey: Guid(84340939e88318240af73607a519a496) Importer(815301076,1909f56bfc062723c751e8b465ee728b)
Start importing Assets/VR Beginner/Prefabs/PrototypeScene/Fan.prefab using Guid(84340939e88318240af73607a519a496) Importer(815301076,1909f56bfc062723c751e8b465ee728b)  -> (artifact id: '61ed962362678454e09f46eeb7932e87') in 0.022780 seconds 
========================================================================
Received Import Request.
  Time since last request: 0.000073 seconds.
  path: Assets/VR Beginner/Prefabs/PrototypeScene/LaserPointer.prefab
  artifactKey: Guid(55abf0939fcfe064aa6e7063c0da9804) Importer(815301076,1909f56bfc062723c751e8b465ee728b)
Start importing Assets/VR Beginner/Prefabs/PrototypeScene/LaserPointer.prefab using Guid(55abf0939fcfe064aa6e7063c0da9804) Importer(815301076,1909f56bfc062723c751e8b465ee728b)  -> (artifact id: '9e8e56602256f9dc52fa8a3010cf9b06') in 0.030882 seconds 
========================================================================
Received Import Request.
  Time since last request: 0.000044 seconds.
  path: Assets/VR Beginner/Prefabs/PrototypeScene/Radio.prefab
  artifactKey: Guid(42ef0afd77890574984e1344fcef2d98) Importer(815301076,1909f56bfc062723c751e8b465ee728b)
Start importing Assets/VR Beginner/Prefabs/PrototypeScene/Radio.prefab using Guid(42ef0afd77890574984e1344fcef2d98) Importer(815301076,1909f56bfc062723c751e8b465ee728b)  -> (artifact id: '365506c022a114d339eeb7de90a41dbc') in 0.021590 seconds 
========================================================================
Received Import Request.
  Time since last request: 4.579197 seconds.
  path: Assets/VR Beginner/Prefabs/Potions/PotionBottle2.prefab
  artifactKey: Guid(97fa8c9687fbf0d4cad34eb10285e06a) Importer(815301076,1909f56bfc062723c751e8b465ee728b)
Start importing Assets/VR Beginner/Prefabs/Potions/PotionBottle2.prefab using Guid(97fa8c9687fbf0d4cad34eb10285e06a) Importer(815301076,1909f56bfc062723c751e8b465ee728b)  -> (artifact id: 'eb829df55ab49d95f6799a467eea9452') in 0.024210 seconds 
========================================================================
Received Import Request.
  Time since last request: 1.494756 seconds.
  path: Assets/VR Beginner/Prefabs/Ingredients/Feather.prefab
  artifactKey: Guid(e023e700608d14945bb93a8eb4240b4c) Importer(815301076,1909f56bfc062723c751e8b465ee728b)
Start importing Assets/VR Beginner/Prefabs/Ingredients/Feather.prefab using Guid(e023e700608d14945bb93a8eb4240b4c) Importer(815301076,1909f56bfc062723c751e8b465ee728b)  -> (artifact id: '9dc660caf3046c951f9b8763ac3a5cb2') in 0.006865 seconds 
========================================================================
Received Import Request.
  Time since last request: 0.000027 seconds.
  path: Assets/VR Beginner/Prefabs/Ingredients/Orange.prefab
  artifactKey: Guid(27a1f347c2830a74498e63c9dbe501b8) Importer(815301076,1909f56bfc062723c751e8b465ee728b)
Start importing Assets/VR Beginner/Prefabs/Ingredients/Orange.prefab using Guid(27a1f347c2830a74498e63c9dbe501b8) Importer(815301076,1909f56bfc062723c751e8b465ee728b)  -> (artifact id: 'bf5132d54610ad55ee8be0c224fc9e85') in 0.011185 seconds 
========================================================================
Received Import Request.
  Time since last request: 2.614148 seconds.
  path: Assets/VR Beginner/Prefabs/Tutorial/Fusebox.prefab
  artifactKey: Guid(9d10edaecc9279d41baf1d5e360afc08) Importer(815301076,1909f56bfc062723c751e8b465ee728b)
Start importing Assets/VR Beginner/Prefabs/Tutorial/Fusebox.prefab using Guid(9d10edaecc9279d41baf1d5e360afc08) Importer(815301076,1909f56bfc062723c751e8b465ee728b)  -> (artifact id: 'e32b6e9704bf45ed95768dc0ca20567f') in 0.024694 seconds 
========================================================================
Received Import Request.
  Time since last request: 14.469624 seconds.
  path: Packages/com.unity.collab-proxy/Editor/Collaborate/Assets/Layouts/ChangesTabPageView.uxml
  artifactKey: Guid(a1c552fb05993cf4eac00d572aa408f8) Importer(815301076,1909f56bfc062723c751e8b465ee728b)
Start importing Packages/com.unity.collab-proxy/Editor/Collaborate/Assets/Layouts/ChangesTabPageView.uxml using Guid(a1c552fb05993cf4eac00d572aa408f8) Importer(815301076,1909f56bfc062723c751e8b465ee728b)  -> (artifact id: '1aebf19e95f80424efbbbcdee6761bb9') in 0.033549 seconds 
========================================================================
Received Import Request.
  Time since last request: 21.678912 seconds.
  path: Packages/com.unity.xr.legacyinputhelpers/Runtime/TrackedPoseDriver/UnityEngine.SpatialTracking.asmdef
  artifactKey: Guid(ba171b3dd2a51234ab864770f99741a5) Importer(815301076,1909f56bfc062723c751e8b465ee728b)
Start importing Packages/com.unity.xr.legacyinputhelpers/Runtime/TrackedPoseDriver/UnityEngine.SpatialTracking.asmdef using Guid(ba171b3dd2a51234ab864770f99741a5) Importer(815301076,1909f56bfc062723c751e8b465ee728b)  -> (artifact id: 'cd0f3bf82b9592d9ae46f4533a2486cb') in 0.007671 seconds 
