Using pre-set license
Built from '2021.3/staging' branch; Version is '2021.3.4f1 (cb45f9cae8b7) revision 13321721'; Using compiler version '192829333'; Build Type 'Release'
OS: 'Windows 10  (10.0.19044) 64bit Core' Language: 'ru' Physical Memory: 16122 MB
BatchMode: 1, IsHumanControllingUs: 0, StartBugReporterOnCrash: 0, Is64bit: 1, IsPro: 1

COMMAND LINE ARGUMENTS:
C:\Program Files\Unity\Hub\Editor\2021.3.4f1\Editor\Unity.exe
-adb2
-batchMode
-noUpm
-name
AssetImportWorker5
-projectPath
C:/Unity/UnityProjects/VRP
-logFile
Logs/AssetImportWorker5.log
-srvPort
53162
Successfully changed project path to: C:/Unity/UnityProjects/VRP
C:/Unity/UnityProjects/VRP
[UnityMemory] Configuration Parameters - Can be set up in boot.config
    "memorysetup-bucket-allocator-granularity=16"
    "memorysetup-bucket-allocator-bucket-count=8"
    "memorysetup-bucket-allocator-block-size=33554432"
    "memorysetup-bucket-allocator-block-count=8"
    "memorysetup-main-allocator-block-size=16777216"
    "memorysetup-thread-allocator-block-size=16777216"
    "memorysetup-gfx-main-allocator-block-size=16777216"
    "memorysetup-gfx-thread-allocator-block-size=16777216"
    "memorysetup-cache-allocator-block-size=4194304"
    "memorysetup-typetree-allocator-block-size=2097152"
    "memorysetup-profiler-bucket-allocator-granularity=16"
    "memorysetup-profiler-bucket-allocator-bucket-count=8"
    "memorysetup-profiler-bucket-allocator-block-size=33554432"
    "memorysetup-profiler-bucket-allocator-block-count=8"
    "memorysetup-profiler-allocator-block-size=16777216"
    "memorysetup-profiler-editor-allocator-block-size=1048576"
    "memorysetup-temp-allocator-size-main=16777216"
    "memorysetup-job-temp-allocator-block-size=2097152"
    "memorysetup-job-temp-allocator-block-size-background=1048576"
    "memorysetup-job-temp-allocator-reduction-small-platforms=262144"
    "memorysetup-temp-allocator-size-background-worker=32768"
    "memorysetup-temp-allocator-size-job-worker=262144"
    "memorysetup-temp-allocator-size-preload-manager=33554432"
    "memorysetup-temp-allocator-size-nav-mesh-worker=65536"
    "memorysetup-temp-allocator-size-audio-worker=65536"
    "memorysetup-temp-allocator-size-cloud-worker=32768"
    "memorysetup-temp-allocator-size-gi-baking-worker=262144"
    "memorysetup-temp-allocator-size-gfx=262144"
Refreshing native plugins compatible for Editor in 143.07 ms, found 14 plugins.
Preloading 1 native plugins for Editor in 1.24 ms.
Initialize engine version: 2021.3.4f1 (cb45f9cae8b7)
[Subsystems] Discovering subsystems at path C:/Program Files/Unity/Hub/Editor/2021.3.4f1/Editor/Data/Resources/UnitySubsystems
[Subsystems] Discovering subsystems at path C:/Unity/UnityProjects/VRP/Assets
GfxDevice: creating device client; threaded=0; jobified=0
Direct3D:
    Version:  Direct3D 11.0 [level 11.1]
    Renderer: NVIDIA GeForce RTX 3060 Laptop GPU (ID=0x2520)
    Vendor:   NVIDIA
    VRAM:     6023 MB
    Driver:   30.0.15.1278
Initialize mono
Mono path[0] = 'C:/Program Files/Unity/Hub/Editor/2021.3.4f1/Editor/Data/Managed'
Mono path[1] = 'C:/Program Files/Unity/Hub/Editor/2021.3.4f1/Editor/Data/MonoBleedingEdge/lib/mono/unityjit-win32'
Mono config path = 'C:/Program Files/Unity/Hub/Editor/2021.3.4f1/Editor/Data/MonoBleedingEdge/etc'
Using monoOptions --debugger-agent=transport=dt_socket,embedding=1,server=y,suspend=n,address=127.0.0.1:56368
Begin MonoManager ReloadAssembly
Registering precompiled unity dll's ...
Register platform support module: C:/Program Files/Unity/Hub/Editor/2021.3.4f1/Editor/Data/PlaybackEngines/AndroidPlayer/UnityEditor.Android.Extensions.dll
Register platform support module: C:/Program Files/Unity/Hub/Editor/2021.3.4f1/Editor/Data/PlaybackEngines/WindowsStandaloneSupport/UnityEditor.WindowsStandalone.Extensions.dll
Registered in 0.006717 seconds.
Native extension for WindowsStandalone target not found
Native extension for Android target not found
Refreshing native plugins compatible for Editor in 91.18 ms, found 14 plugins.
Preloading 1 native plugins for Editor in 0.08 ms.
Mono: successfully reloaded assembly
- Completed reload, in  0.558 seconds
Domain Reload Profiling:
	ReloadAssembly (559ms)
		BeginReloadAssembly (67ms)
			ExecutionOrderSort (0ms)
			DisableScriptedObjects (0ms)
			BackupInstance (0ms)
			ReleaseScriptingObjects (0ms)
			CreateAndSetChildDomain (1ms)
		EndReloadAssembly (397ms)
			LoadAssemblies (65ms)
			RebuildTransferFunctionScriptingTraits (0ms)
			SetupTypeCache (88ms)
			ReleaseScriptCaches (0ms)
			RebuildScriptCaches (21ms)
			SetupLoadedEditorAssemblies (244ms)
				LogAssemblyErrors (0ms)
				InitializePlatformSupportModulesInManaged (42ms)
				SetLoadedEditorAssemblies (0ms)
				RefreshPlugins (91ms)
				BeforeProcessingInitializeOnLoad (1ms)
				ProcessInitializeOnLoadAttributes (71ms)
				ProcessInitializeOnLoadMethodAttributes (38ms)
				AfterProcessingInitializeOnLoad (0ms)
				EditorAssembliesLoaded (0ms)
			ExecutionOrderSort2 (0ms)
			AwakeInstancesAfterBackupRestoration (0ms)
Platform modules already initialized, skipping
Registering precompiled user dll's ...
Registered in 0.011317 seconds.
Begin MonoManager ReloadAssembly
Symbol file LoadedFromMemory doesn't match image C:\Unity\UnityProjects\VRP\Library\PackageCache\com.unity.visualscripting@1.7.8\Editor\VisualScripting.Core\Dependencies\DotNetZip\Unity.VisualScripting.IonicZip.dll
Symbol file LoadedFromMemory doesn't match image C:\Unity\UnityProjects\VRP\Library\PackageCache\com.unity.visualscripting@1.7.8\Editor\VisualScripting.Core\Dependencies\YamlDotNet\Unity.VisualScripting.YamlDotNet.dll
Native extension for WindowsStandalone target not found
Native extension for Android target not found
Refreshing native plugins compatible for Editor in 92.41 ms, found 14 plugins.
Preloading 1 native plugins for Editor in 0.08 ms.
Package Manager log level set to [2]
System.Reflection.TargetInvocationException: Exception has been thrown by the target of an invocation. ---> System.NullReferenceException: Object reference not set to an instance of an object
  at Unity.XR.Oculus.OculusLoader.AssetPathToAbsolutePath (System.String assetPath) [0x00040] in C:\Unity\UnityProjects\VRP\Library\PackageCache\com.unity.xr.oculus@3.0.1\Runtime\OculusLoader.cs:257 
  at Unity.XR.Oculus.OculusLoader.EditorLoadOVRPlugin () [0x0007b] in C:\Unity\UnityProjects\VRP\Library\PackageCache\com.unity.xr.oculus@3.0.1\Runtime\OculusLoader.cs:242 
  at (wrapper managed-to-native) System.Reflection.RuntimeMethodInfo.InternalInvoke(System.Reflection.RuntimeMethodInfo,object,object[],System.Exception&)
  at System.Reflection.RuntimeMethodInfo.Invoke (System.Object obj, System.Reflection.BindingFlags invokeAttr, System.Reflection.Binder binder, System.Object[] parameters, System.Globalization.CultureInfo culture) [0x0006a] in <d4cde64232cf45659d86aafa597faa77>:0 
   --- End of inner exception stack trace ---
  at System.Reflection.RuntimeMethodInfo.Invoke (System.Object obj, System.Reflection.BindingFlags invokeAttr, System.Reflection.Binder binder, System.Object[] parameters, System.Globalization.CultureInfo culture) [0x00083] in <d4cde64232cf45659d86aafa597faa77>:0 
  at System.Reflection.MethodBase.Invoke (System.Object obj, System.Object[] parameters) [0x00000] in <d4cde64232cf45659d86aafa597faa77>:0 
  at UnityEditor.EditorAssemblies.ProcessInitializeOnLoadMethodAttributes () [0x000a5] in <36f62d8e760b48f7af5d32916f997ce1>:0 
UnityEngine.StackTraceUtility:ExtractStackTrace ()
UnityEngine.DebugLogHandler:LogFormat (UnityEngine.LogType,UnityEngine.Object,string,object[])
UnityEngine.Logger:Log (UnityEngine.LogType,object)
UnityEngine.Debug:LogError (object)
UnityEditor.EditorAssemblies:ProcessInitializeOnLoadMethodAttributes ()

Mono: successfully reloaded assembly
- Completed reload, in  1.080 seconds
Domain Reload Profiling:
	ReloadAssembly (1081ms)
		BeginReloadAssembly (94ms)
			ExecutionOrderSort (0ms)
			DisableScriptedObjects (4ms)
			BackupInstance (0ms)
			ReleaseScriptingObjects (0ms)
			CreateAndSetChildDomain (18ms)
		EndReloadAssembly (905ms)
			LoadAssemblies (81ms)
			RebuildTransferFunctionScriptingTraits (0ms)
			SetupTypeCache (252ms)
			ReleaseScriptCaches (1ms)
			RebuildScriptCaches (50ms)
			SetupLoadedEditorAssemblies (484ms)
				LogAssemblyErrors (0ms)
				InitializePlatformSupportModulesInManaged (17ms)
				SetLoadedEditorAssemblies (0ms)
				RefreshPlugins (93ms)
				BeforeProcessingInitializeOnLoad (86ms)
				ProcessInitializeOnLoadAttributes (252ms)
				ProcessInitializeOnLoadMethodAttributes (30ms)
				AfterProcessingInitializeOnLoad (7ms)
				EditorAssembliesLoaded (0ms)
			ExecutionOrderSort2 (0ms)
			AwakeInstancesAfterBackupRestoration (4ms)
Platform modules already initialized, skipping
========================================================================
Worker process is ready to serve import requests
Launched and connected shader compiler UnityShaderCompiler.exe after 0.06 seconds
Refreshing native plugins compatible for Editor in 1.66 ms, found 14 plugins.
Preloading 1 native plugins for Editor in 0.15 ms.
Unloading 4378 Unused Serialized files (Serialized files now loaded: 0)
Unloading 50 unused Assets / (86.4 KB). Loaded Objects now: 4851.
Memory consumption went from 174.1 MB to 174.0 MB.
Total: 4.542700 ms (FindLiveObjects: 0.370600 ms CreateObjectMapping: 0.357600 ms MarkObjects: 3.625600 ms  DeleteObjects: 0.187400 ms)

AssetImportParameters requested are different than current active one (requested -> active):
  custom:video-decoder-ogg-theora: a1e56fd34408186e4bbccfd4996cb3dc -> 
  custom:container-muxer-webm: aa71ff27fc2769a1b78a27578f13a17b -> 
  custom:container-demuxer-webm: 4f35f7cbe854078d1ac9338744f61a02 -> 
  custom:video-encoder-webm-vp8: eb34c28f22e8b96e1ab97ce403110664 -> 
  custom:audio-encoder-webm-vorbis: bf7c407c2cedff20999df2af8eb42d56 -> 
  custom:framework-win-MediaFoundation: 216162199b28c13a410421893ffa2e32 -> 
  custom:container-demuxer-ogg: 62fdf1f143b41e24485cea50d1cbac27 -> 
  custom:video-decoder-webm-vp8: 9c59270c3fd7afecdb556c50c9e8de78 -> 
  custom:audio-decoder-ogg-vorbis: bf7c407c2cedff20999df2af8eb42d56 -> 
========================================================================
Received Import Request.
  Time since last request: 7646.559063 seconds.
  path: Assets/VR Beginner/Materials/DimmerSwitch.mat
  artifactKey: Guid(e222dbc97a43bbd41adc4f857de98ae1) Importer(815301076,1909f56bfc062723c751e8b465ee728b)
Start importing Assets/VR Beginner/Materials/DimmerSwitch.mat using Guid(e222dbc97a43bbd41adc4f857de98ae1) Importer(815301076,1909f56bfc062723c751e8b465ee728b)  -> (artifact id: '1aa26b0506a0f3217e32a13efaba5da8') in 0.156929 seconds 
========================================================================
Received Import Request.
  Time since last request: 0.000038 seconds.
  path: Assets/VR Beginner/Materials/Glass.mat
  artifactKey: Guid(5aa6af6012af4f64bbbdec0165f4556d) Importer(815301076,1909f56bfc062723c751e8b465ee728b)
Start importing Assets/VR Beginner/Materials/Glass.mat using Guid(5aa6af6012af4f64bbbdec0165f4556d) Importer(815301076,1909f56bfc062723c751e8b465ee728b)  -> (artifact id: 'c29912fe474b0561f2e4ef3a7565eef9') in 0.026784 seconds 
========================================================================
Received Import Request.
  Time since last request: 0.000050 seconds.
  path: Assets/VR Beginner/Materials/Flashlight.mat
  artifactKey: Guid(c32f8203033240a48848c96a1c981e62) Importer(815301076,1909f56bfc062723c751e8b465ee728b)
Start importing Assets/VR Beginner/Materials/Flashlight.mat using Guid(c32f8203033240a48848c96a1c981e62) Importer(815301076,1909f56bfc062723c751e8b465ee728b)  -> (artifact id: 'cb7682ff0cbf0648f10c61584a050b50') in 0.019901 seconds 
========================================================================
Received Import Request.
  Time since last request: 40.380130 seconds.
  path: Assets/VR Beginner/Materials/Thermostat.mat
  artifactKey: Guid(d78698f9369911a4f9cddb5d54725359) Importer(815301076,1909f56bfc062723c751e8b465ee728b)
Start importing Assets/VR Beginner/Materials/Thermostat.mat using Guid(d78698f9369911a4f9cddb5d54725359) Importer(815301076,1909f56bfc062723c751e8b465ee728b)  -> (artifact id: 'c283164023b7c20d27bb4e1b82b5b0f8') in 0.093337 seconds 
========================================================================
Received Import Request.
  Time since last request: 24.551522 seconds.
  path: Assets/SteamVR/InteractionSystem/Longbow/Materials/ArcheryTargetWeeble.mat
  artifactKey: Guid(0ae132d3c08907a4d931b3ed4debc646) Importer(815301076,1909f56bfc062723c751e8b465ee728b)
Start importing Assets/SteamVR/InteractionSystem/Longbow/Materials/ArcheryTargetWeeble.mat using Guid(0ae132d3c08907a4d931b3ed4debc646) Importer(815301076,1909f56bfc062723c751e8b465ee728b)  -> (artifact id: '5874f6d6fa70ccbb204d162ab891643c') in 0.037602 seconds 
========================================================================
Received Import Request.
  Time since last request: 0.000022 seconds.
  path: Assets/SteamVR/InteractionSystem/Longbow/Materials/BalloonPop.mat
  artifactKey: Guid(2d01d8c885250364bac66a45791f02e1) Importer(815301076,1909f56bfc062723c751e8b465ee728b)
Start importing Assets/SteamVR/InteractionSystem/Longbow/Materials/BalloonPop.mat using Guid(2d01d8c885250364bac66a45791f02e1) Importer(815301076,1909f56bfc062723c751e8b465ee728b)  -> (artifact id: 'd55b9ab64ce7445e35b1f400cdc83c06') in 0.016175 seconds 
========================================================================
Received Import Request.
  Time since last request: 1.569952 seconds.
  path: Assets/VR Beginner/VFX/Outline/GlassOutline.mat
  artifactKey: Guid(9891d27cdd3cb4147b014da22707e5b3) Importer(815301076,1909f56bfc062723c751e8b465ee728b)
Start importing Assets/VR Beginner/VFX/Outline/GlassOutline.mat using Guid(9891d27cdd3cb4147b014da22707e5b3) Importer(815301076,1909f56bfc062723c751e8b465ee728b)  -> (artifact id: 'af93039a173e6de3f0c220f49058129b') in 0.017846 seconds 
========================================================================
Received Import Request.
  Time since last request: 0.433330 seconds.
  path: Assets/SteamVR/InteractionSystem/Samples/Materials/LightGreen.mat
  artifactKey: Guid(80a6bae7122d17d4c9243b982a652788) Importer(815301076,1909f56bfc062723c751e8b465ee728b)
Start importing Assets/SteamVR/InteractionSystem/Samples/Materials/LightGreen.mat using Guid(80a6bae7122d17d4c9243b982a652788) Importer(815301076,1909f56bfc062723c751e8b465ee728b)  -> (artifact id: 'd7175d1d4406a44922e38b7f5cb9bfc4') in 0.029402 seconds 
========================================================================
Received Import Request.
  Time since last request: 0.000029 seconds.
  path: Assets/SteamVR/InteractionSystem/Samples/Materials/ShinyWhiteHighlightedOld.mat
  artifactKey: Guid(c5a10ebcdfbfdfe4e94b37a089618ed5) Importer(815301076,1909f56bfc062723c751e8b465ee728b)
Start importing Assets/SteamVR/InteractionSystem/Samples/Materials/ShinyWhiteHighlightedOld.mat using Guid(c5a10ebcdfbfdfe4e94b37a089618ed5) Importer(815301076,1909f56bfc062723c751e8b465ee728b)  -> (artifact id: '66985a6ce376ba3eda18ebd48d3e02dd') in 0.016344 seconds 
========================================================================
Received Import Request.
  Time since last request: 282.110085 seconds.
  path: Assets/VR Beginner/Models/BookBrown.fbx
  artifactKey: Guid(69d25300cfe0ff34cab94eabf22210ea) Importer(815301076,1909f56bfc062723c751e8b465ee728b)
Start importing Assets/VR Beginner/Models/BookBrown.fbx using Guid(69d25300cfe0ff34cab94eabf22210ea) Importer(815301076,1909f56bfc062723c751e8b465ee728b)  -> (artifact id: 'e985a0416865ae72de97c893d90478b0') in 0.054895 seconds 
========================================================================
Received Import Request.
  Time since last request: 0.000029 seconds.
  path: Assets/VR Beginner/Models/BookHolder.fbx
  artifactKey: Guid(899596d67b24e29409c04c7f8a5f63be) Importer(815301076,1909f56bfc062723c751e8b465ee728b)
Start importing Assets/VR Beginner/Models/BookHolder.fbx using Guid(899596d67b24e29409c04c7f8a5f63be) Importer(815301076,1909f56bfc062723c751e8b465ee728b)  -> (artifact id: 'ac7b53b9b9d99be853b5d99420c8bdfe') in 0.028167 seconds 
========================================================================
Received Import Request.
  Time since last request: 0.000044 seconds.
  path: Assets/VR Beginner/Models/BookRed.fbx
  artifactKey: Guid(f0e429f9867e60a4bb625920c1d9a937) Importer(815301076,1909f56bfc062723c751e8b465ee728b)
Start importing Assets/VR Beginner/Models/BookRed.fbx using Guid(f0e429f9867e60a4bb625920c1d9a937) Importer(815301076,1909f56bfc062723c751e8b465ee728b)  -> (artifact id: '4dc931ec462aba4fef97e9d204bf2e2e') in 0.022071 seconds 
========================================================================
Received Import Request.
  Time since last request: 0.000030 seconds.
  path: Assets/VR Beginner/Models/BookVanilla.fbx
  artifactKey: Guid(bf943320b75f4c7459c045b229d3f6bb) Importer(815301076,1909f56bfc062723c751e8b465ee728b)
Start importing Assets/VR Beginner/Models/BookVanilla.fbx using Guid(bf943320b75f4c7459c045b229d3f6bb) Importer(815301076,1909f56bfc062723c751e8b465ee728b)  -> (artifact id: '79a155121220e8b3504783c1e5004d60') in 0.019860 seconds 
========================================================================
Received Import Request.
  Time since last request: 0.000032 seconds.
  path: Assets/VR Beginner/Models/Drill.fbx
  artifactKey: Guid(963e50f2b6db01e459d04a2d82fe465b) Importer(815301076,1909f56bfc062723c751e8b465ee728b)
Start importing Assets/VR Beginner/Models/Drill.fbx using Guid(963e50f2b6db01e459d04a2d82fe465b) Importer(815301076,1909f56bfc062723c751e8b465ee728b)  -> (artifact id: '27ebf178adc1df82ca7d358d1a638d55') in 0.021676 seconds 
========================================================================
Received Import Request.
  Time since last request: 0.000056 seconds.
  path: Assets/VR Beginner/Models/ExitDoor.fbx
  artifactKey: Guid(9e19df0f58a75e94c94e163777b11ba1) Importer(815301076,1909f56bfc062723c751e8b465ee728b)
Start importing Assets/VR Beginner/Models/ExitDoor.fbx using Guid(9e19df0f58a75e94c94e163777b11ba1) Importer(815301076,1909f56bfc062723c751e8b465ee728b)  -> (artifact id: 'ff17960c40924fddc133eec510a756c3') in 0.031539 seconds 
========================================================================
Received Import Request.
  Time since last request: 0.000051 seconds.
  path: Assets/VR Beginner/Models/ExitDoorParticleMesh.fbx
  artifactKey: Guid(8b74c2e2692e1ab41a0221c6380c24dd) Importer(815301076,1909f56bfc062723c751e8b465ee728b)
Start importing Assets/VR Beginner/Models/ExitDoorParticleMesh.fbx using Guid(8b74c2e2692e1ab41a0221c6380c24dd) Importer(815301076,1909f56bfc062723c751e8b465ee728b)  -> (artifact id: 'd465d89e0af6b19398a2a82676fe5cba') in 0.027485 seconds 
========================================================================
Received Import Request.
  Time since last request: 0.000032 seconds.
  path: Assets/VR Beginner/Models/InstructionsOpenCauldron.fbx
  artifactKey: Guid(2d86c9f63947c9f4eaff594f63ab99b0) Importer(815301076,1909f56bfc062723c751e8b465ee728b)
Start importing Assets/VR Beginner/Models/InstructionsOpenCauldron.fbx using Guid(2d86c9f63947c9f4eaff594f63ab99b0) Importer(815301076,1909f56bfc062723c751e8b465ee728b)  -> (artifact id: 'd2b3ce9951077a3c40026821038281a4') in 0.019086 seconds 
========================================================================
Received Import Request.
  Time since last request: 0.000022 seconds.
  path: Assets/VR Beginner/Models/Chest.fbx
  artifactKey: Guid(1dd0e976dcd6be9438665e568cab31ea) Importer(815301076,1909f56bfc062723c751e8b465ee728b)
Start importing Assets/VR Beginner/Models/Chest.fbx using Guid(1dd0e976dcd6be9438665e568cab31ea) Importer(815301076,1909f56bfc062723c751e8b465ee728b)  -> (artifact id: '245c41ada9b68f77c27426ed85f65bf9') in 0.034500 seconds 
========================================================================
Received Import Request.
  Time since last request: 0.000026 seconds.
  path: Assets/VR Beginner/Models/DevilTotem.fbx
  artifactKey: Guid(1821071dd69db7641a890e3392d28503) Importer(815301076,1909f56bfc062723c751e8b465ee728b)
Start importing Assets/VR Beginner/Models/DevilTotem.fbx using Guid(1821071dd69db7641a890e3392d28503) Importer(815301076,1909f56bfc062723c751e8b465ee728b)  -> (artifact id: '356378907a33787c6c477f06c2ea8239') in 0.027734 seconds 
========================================================================
Received Import Request.
  Time since last request: 0.000030 seconds.
  path: Assets/VR Beginner/Models/InstructionsGrabAndBook.fbx
  artifactKey: Guid(dcaeb88f6d06ff149abbb96a2471495e) Importer(815301076,1909f56bfc062723c751e8b465ee728b)
Start importing Assets/VR Beginner/Models/InstructionsGrabAndBook.fbx using Guid(dcaeb88f6d06ff149abbb96a2471495e) Importer(815301076,1909f56bfc062723c751e8b465ee728b)  -> (artifact id: '94f4fb79d3f6a3df521b421f8480cc07') in 0.036176 seconds 
========================================================================
Received Import Request.
  Time since last request: 0.000056 seconds.
  path: Assets/VR Beginner/Models/Fan.fbx
  artifactKey: Guid(8b369e09821adb7478bc5e32e87dfa4f) Importer(815301076,1909f56bfc062723c751e8b465ee728b)
Start importing Assets/VR Beginner/Models/Fan.fbx using Guid(8b369e09821adb7478bc5e32e87dfa4f) Importer(815301076,1909f56bfc062723c751e8b465ee728b)  -> (artifact id: '082ee05e88c9ddf0597d680db7d025fe') in 0.042801 seconds 
========================================================================
Received Import Request.
  Time since last request: 0.000036 seconds.
  path: Assets/VR Beginner/Models/InstructionsTelekinesis.FBX
  artifactKey: Guid(d8d2436aa271b3041b49e63c4b92691b) Importer(815301076,1909f56bfc062723c751e8b465ee728b)
Start importing Assets/VR Beginner/Models/InstructionsTelekinesis.FBX using Guid(d8d2436aa271b3041b49e63c4b92691b) Importer(815301076,1909f56bfc062723c751e8b465ee728b)  -> (artifact id: 'f4deeaccae81535c8c101ef6521f3c27') in 0.024306 seconds 
========================================================================
Received Import Request.
  Time since last request: 0.000043 seconds.
  path: Assets/VR Beginner/Models/InstructionsPopPotions.fbx
  artifactKey: Guid(c6c32db9522e21549a28c00d9477df25) Importer(815301076,1909f56bfc062723c751e8b465ee728b)
Start importing Assets/VR Beginner/Models/InstructionsPopPotions.fbx using Guid(c6c32db9522e21549a28c00d9477df25) Importer(815301076,1909f56bfc062723c751e8b465ee728b)  -> (artifact id: '99714b2cd37eced94ea39c689bacf83d') in 0.023553 seconds 
========================================================================
Received Import Request.
  Time since last request: 0.000030 seconds.
  path: Assets/VR Beginner/Models/InstructionsShootingWand.fbx
  artifactKey: Guid(7413fc233ac77474b800b213c507aaa7) Importer(815301076,1909f56bfc062723c751e8b465ee728b)
Start importing Assets/VR Beginner/Models/InstructionsShootingWand.fbx using Guid(7413fc233ac77474b800b213c507aaa7) Importer(815301076,1909f56bfc062723c751e8b465ee728b)  -> (artifact id: '5caa5abccb9f13a7ed2274c854dd5167') in 0.037089 seconds 
========================================================================
Received Import Request.
  Time since last request: 0.000028 seconds.
  path: Assets/VR Beginner/Models/Lantern.FBX
  artifactKey: Guid(0e429b6db5811e348b367b6781fdf0aa) Importer(815301076,1909f56bfc062723c751e8b465ee728b)
Start importing Assets/VR Beginner/Models/Lantern.FBX using Guid(0e429b6db5811e348b367b6781fdf0aa) Importer(815301076,1909f56bfc062723c751e8b465ee728b)  -> (artifact id: '8058a5ba9756f9b21df0aab9b9f3b2c6') in 0.041674 seconds 
========================================================================
Received Import Request.
  Time since last request: 0.000073 seconds.
  path: Assets/VR Beginner/Models/Kitchen.fbx
  artifactKey: Guid(1f026c8edc86aa44db691d75a4b28e21) Importer(815301076,1909f56bfc062723c751e8b465ee728b)
Start importing Assets/VR Beginner/Models/Kitchen.fbx using Guid(1f026c8edc86aa44db691d75a4b28e21) Importer(815301076,1909f56bfc062723c751e8b465ee728b)  -> (artifact id: '93ebbdacfd7001437b2a59647c7d911a') in 0.041368 seconds 
========================================================================
Received Import Request.
  Time since last request: 0.000026 seconds.
  path: Assets/VR Beginner/Models/CaudronFlush.fbx
  artifactKey: Guid(825f6c1d307a67b41822de80e3aa4f80) Importer(815301076,1909f56bfc062723c751e8b465ee728b)
Start importing Assets/VR Beginner/Models/CaudronFlush.fbx using Guid(825f6c1d307a67b41822de80e3aa4f80) Importer(815301076,1909f56bfc062723c751e8b465ee728b)  -> (artifact id: '55bebcf99bf50955d0977cf4e5afeb7f') in 0.028728 seconds 
========================================================================
Received Import Request.
  Time since last request: 0.000035 seconds.
  path: Assets/VR Beginner/Models/Desk.fbx
  artifactKey: Guid(3f6b53ff11f455d4f920d187cb688cbe) Importer(815301076,1909f56bfc062723c751e8b465ee728b)
Start importing Assets/VR Beginner/Models/Desk.fbx using Guid(3f6b53ff11f455d4f920d187cb688cbe) Importer(815301076,1909f56bfc062723c751e8b465ee728b)  -> (artifact id: '98eb4fe3738a20ea5db07023f8f5974d') in 0.139374 seconds 
========================================================================
Received Import Request.
  Time since last request: 0.000036 seconds.
  path: Assets/VR Beginner/Models/Feather.FBX
  artifactKey: Guid(b1a4fecd72cff5f43938365167c80fc5) Importer(815301076,1909f56bfc062723c751e8b465ee728b)
Start importing Assets/VR Beginner/Models/Feather.FBX using Guid(b1a4fecd72cff5f43938365167c80fc5) Importer(815301076,1909f56bfc062723c751e8b465ee728b)  -> (artifact id: '48723ef52477d2476e83bea6820ebc57') in 0.020012 seconds 
========================================================================
Received Import Request.
  Time since last request: 0.000030 seconds.
  path: Assets/VR Beginner/Models/Key.FBX
  artifactKey: Guid(fb4295e3462ff9648a34f8d626c9e25e) Importer(815301076,1909f56bfc062723c751e8b465ee728b)
Start importing Assets/VR Beginner/Models/Key.FBX using Guid(fb4295e3462ff9648a34f8d626c9e25e) Importer(815301076,1909f56bfc062723c751e8b465ee728b)  -> (artifact id: 'c4ea3ee3c486b5c35631f16e18683995') in 0.019130 seconds 
========================================================================
Received Import Request.
  Time since last request: 0.000035 seconds.
  path: Assets/VR Beginner/Models/Carpet.fbx
  artifactKey: Guid(379d0e8bcb7263044ba0fbca05d6a5df) Importer(815301076,1909f56bfc062723c751e8b465ee728b)
Start importing Assets/VR Beginner/Models/Carpet.fbx using Guid(379d0e8bcb7263044ba0fbca05d6a5df) Importer(815301076,1909f56bfc062723c751e8b465ee728b)  -> (artifact id: '7a38ee77ad3596b084e1fe09ef8fd3bc') in 0.025127 seconds 
========================================================================
Received Import Request.
  Time since last request: 0.000038 seconds.
  path: Assets/VR Beginner/Models/CauldronTarget.fbx
  artifactKey: Guid(d2bcb8a54aa973f41a000a0899fe03f7) Importer(815301076,1909f56bfc062723c751e8b465ee728b)
Start importing Assets/VR Beginner/Models/CauldronTarget.fbx using Guid(d2bcb8a54aa973f41a000a0899fe03f7) Importer(815301076,1909f56bfc062723c751e8b465ee728b)  -> (artifact id: '26d55277d88e7db8533a57f21bbc1bc9') in 0.018425 seconds 
========================================================================
Received Import Request.
  Time since last request: 0.000024 seconds.
  path: Assets/VR Beginner/Models/LaserPointer.fbx
  artifactKey: Guid(58cf52ef7d0d03f44a9b233637ae3933) Importer(815301076,1909f56bfc062723c751e8b465ee728b)
Start importing Assets/VR Beginner/Models/LaserPointer.fbx using Guid(58cf52ef7d0d03f44a9b233637ae3933) Importer(815301076,1909f56bfc062723c751e8b465ee728b)  -> (artifact id: '67d8a8f428d9e7f1870cbadb3ee666ed') in 0.022683 seconds 
========================================================================
Received Import Request.
  Time since last request: 0.000035 seconds.
  path: Assets/VR Beginner/Models/Kettle.fbx
  artifactKey: Guid(f33334da4bf68b342a6a1aa10918e929) Importer(815301076,1909f56bfc062723c751e8b465ee728b)
Start importing Assets/VR Beginner/Models/Kettle.fbx using Guid(f33334da4bf68b342a6a1aa10918e929) Importer(815301076,1909f56bfc062723c751e8b465ee728b)  -> (artifact id: '88fc2a0e82b5808f79735de76a058fee') in 0.022772 seconds 
========================================================================
Received Import Request.
  Time since last request: 0.000070 seconds.
  path: Assets/VR Beginner/Models/BubbleGun.fbx
  artifactKey: Guid(fd989c9d3f308ff44b5ab51b5df38c21) Importer(815301076,1909f56bfc062723c751e8b465ee728b)
Start importing Assets/VR Beginner/Models/BubbleGun.fbx using Guid(fd989c9d3f308ff44b5ab51b5df38c21) Importer(815301076,1909f56bfc062723c751e8b465ee728b)  -> (artifact id: 'fa4deb2c74b51fd595fc3f53990a7d08') in 0.021567 seconds 
========================================================================
Received Import Request.
  Time since last request: 0.000034 seconds.
  path: Assets/VR Beginner/Models/FuseObject.FBX
  artifactKey: Guid(e823a873e63743c4894c28c0a891f016) Importer(815301076,1909f56bfc062723c751e8b465ee728b)
Start importing Assets/VR Beginner/Models/FuseObject.FBX using Guid(e823a873e63743c4894c28c0a891f016) Importer(815301076,1909f56bfc062723c751e8b465ee728b)  -> (artifact id: '19ade758e290030876a9fb0bf55b8a3f') in 0.017985 seconds 
========================================================================
Received Import Request.
  Time since last request: 0.493456 seconds.
  path: Assets/VR Beginner/Models/MetalPipe.fbx
  artifactKey: Guid(0a8b150a8c98bd243960dcfc107d25bf) Importer(815301076,1909f56bfc062723c751e8b465ee728b)
Start importing Assets/VR Beginner/Models/MetalPipe.fbx using Guid(0a8b150a8c98bd243960dcfc107d25bf) Importer(815301076,1909f56bfc062723c751e8b465ee728b)  -> (artifact id: '36309cb5d3bc49a0c3751c51f55a696c') in 0.020948 seconds 
========================================================================
Received Import Request.
  Time since last request: 0.000023 seconds.
  path: Assets/VR Beginner/Models/Mug.fbx
  artifactKey: Guid(48224b9cb16db6e4e8e4b237da1f56e8) Importer(815301076,1909f56bfc062723c751e8b465ee728b)
Start importing Assets/VR Beginner/Models/Mug.fbx using Guid(48224b9cb16db6e4e8e4b237da1f56e8) Importer(815301076,1909f56bfc062723c751e8b465ee728b)  -> (artifact id: 'f5eabed5f338f87ee4eb36cfe104a5b9') in 0.020995 seconds 
========================================================================
Received Import Request.
  Time since last request: 0.000039 seconds.
  path: Assets/VR Beginner/Models/Planet.fbx
  artifactKey: Guid(75b3959ca5a95d54fb8c21ae4fa542a9) Importer(815301076,1909f56bfc062723c751e8b465ee728b)
Start importing Assets/VR Beginner/Models/Planet.fbx using Guid(75b3959ca5a95d54fb8c21ae4fa542a9) Importer(815301076,1909f56bfc062723c751e8b465ee728b)  -> (artifact id: 'ed481fa072ea5be03cbcb6de74c8d1d5') in 0.024535 seconds 
========================================================================
Received Import Request.
  Time since last request: 0.000032 seconds.
  path: Assets/VR Beginner/Models/Orange.FBX
  artifactKey: Guid(23e334b94017efc478007b94d81f16d5) Importer(815301076,1909f56bfc062723c751e8b465ee728b)
Start importing Assets/VR Beginner/Models/Orange.FBX using Guid(23e334b94017efc478007b94d81f16d5) Importer(815301076,1909f56bfc062723c751e8b465ee728b)  -> (artifact id: 'b4fc55fc7b4f93ba421b2a0f2fe9a8e1') in 0.021111 seconds 
========================================================================
Received Import Request.
  Time since last request: 0.000032 seconds.
  path: Assets/VR Beginner/Models/Onion.FBX
  artifactKey: Guid(e30b5a1c26bf93042a901424824f3c73) Importer(815301076,1909f56bfc062723c751e8b465ee728b)
Start importing Assets/VR Beginner/Models/Onion.FBX using Guid(e30b5a1c26bf93042a901424824f3c73) Importer(815301076,1909f56bfc062723c751e8b465ee728b)  -> (artifact id: 'bb7107ec09a82103949a6cff601c6990') in 0.028762 seconds 
========================================================================
Received Import Request.
  Time since last request: 1.428334 seconds.
  path: Assets/VR Beginner/Models/PotionBottle2.FBX
  artifactKey: Guid(6ba54a1627a566744b4e94ee90aa14b4) Importer(815301076,1909f56bfc062723c751e8b465ee728b)
Start importing Assets/VR Beginner/Models/PotionBottle2.FBX using Guid(6ba54a1627a566744b4e94ee90aa14b4) Importer(815301076,1909f56bfc062723c751e8b465ee728b)  -> (artifact id: 'c76b39f3abcff53ec8bd90cc1537fcd4') in 0.039626 seconds 
========================================================================
Received Import Request.
  Time since last request: 0.000026 seconds.
  path: Assets/VR Beginner/Models/Sky.fbx
  artifactKey: Guid(ce04847d5a61cd54eaea6b660f6516ea) Importer(815301076,1909f56bfc062723c751e8b465ee728b)
Start importing Assets/VR Beginner/Models/Sky.fbx using Guid(ce04847d5a61cd54eaea6b660f6516ea) Importer(815301076,1909f56bfc062723c751e8b465ee728b)  -> (artifact id: 'f07951812fd04c1e666df4dfb2107b59') in 0.026971 seconds 
========================================================================
Received Import Request.
  Time since last request: 0.000033 seconds.
  path: Assets/VR Beginner/Models/PumpkingPicture.fbx
  artifactKey: Guid(99060b5187e8c494999855d830133e53) Importer(815301076,1909f56bfc062723c751e8b465ee728b)
Start importing Assets/VR Beginner/Models/PumpkingPicture.fbx using Guid(99060b5187e8c494999855d830133e53) Importer(815301076,1909f56bfc062723c751e8b465ee728b)  -> (artifact id: 'c7a6a3e6d695585ed6a157a8b3e93742') in 0.026096 seconds 
========================================================================
Received Import Request.
  Time since last request: 0.000036 seconds.
  path: Assets/VR Beginner/Models/WoodenLog.fbx
  artifactKey: Guid(514c05e59d36d8f4ba0f0a9c80f0ef2e) Importer(815301076,1909f56bfc062723c751e8b465ee728b)
Start importing Assets/VR Beginner/Models/WoodenLog.fbx using Guid(514c05e59d36d8f4ba0f0a9c80f0ef2e) Importer(815301076,1909f56bfc062723c751e8b465ee728b)  -> (artifact id: '1c5f75198b5649059c7dfdb95f79ffcf') in 0.028417 seconds 
========================================================================
Received Import Request.
  Time since last request: 0.000031 seconds.
  path: Assets/VR Beginner/Models/Thermostat.fbx
  artifactKey: Guid(e13ccf4a61408af4cb902275e5a5d161) Importer(815301076,1909f56bfc062723c751e8b465ee728b)
Start importing Assets/VR Beginner/Models/Thermostat.fbx using Guid(e13ccf4a61408af4cb902275e5a5d161) Importer(815301076,1909f56bfc062723c751e8b465ee728b)  -> (artifact id: 'fa60d3a6d4a67e23e0e42efb73b8484e') in 0.057186 seconds 
========================================================================
Received Import Request.
  Time since last request: 0.000033 seconds.
  path: Assets/VR Beginner/Models/PotionSpawner.fbx
  artifactKey: Guid(ba46ffcfc523c8b43bcc96762a43550d) Importer(815301076,1909f56bfc062723c751e8b465ee728b)
Start importing Assets/VR Beginner/Models/PotionSpawner.fbx using Guid(ba46ffcfc523c8b43bcc96762a43550d) Importer(815301076,1909f56bfc062723c751e8b465ee728b)  -> (artifact id: '397bb8d67a33a0e1a4525e4d872dafb9') in 0.024873 seconds 
========================================================================
Received Import Request.
  Time since last request: 0.000036 seconds.
  path: Assets/VR Beginner/Models/Shelf.fbx
  artifactKey: Guid(cef9cad8e2e6aca41bfaacc4484c2b36) Importer(815301076,1909f56bfc062723c751e8b465ee728b)
Start importing Assets/VR Beginner/Models/Shelf.fbx using Guid(cef9cad8e2e6aca41bfaacc4484c2b36) Importer(815301076,1909f56bfc062723c751e8b465ee728b)  -> (artifact id: '2a0c3009484f33ba929e3132b6a2b435') in 0.027827 seconds 
========================================================================
Received Import Request.
  Time since last request: 0.000027 seconds.
  path: Assets/VR Beginner/Models/WitchHouse.fbx
  artifactKey: Guid(b46a848a5ea4d0f4d9784aaaff85e23a) Importer(815301076,1909f56bfc062723c751e8b465ee728b)
Start importing Assets/VR Beginner/Models/WitchHouse.fbx using Guid(b46a848a5ea4d0f4d9784aaaff85e23a) Importer(815301076,1909f56bfc062723c751e8b465ee728b)  -> (artifact id: 'e56962b62c48c3e82cda882347a6cd7f') in 0.268292 seconds 
========================================================================
Received Import Request.
  Time since last request: 0.000045 seconds.
  path: Assets/VR Beginner/Models/WoodenFloor.fbx
  artifactKey: Guid(4da5b88d86a450343bc00d7998c9a423) Importer(815301076,1909f56bfc062723c751e8b465ee728b)
Start importing Assets/VR Beginner/Models/WoodenFloor.fbx using Guid(4da5b88d86a450343bc00d7998c9a423) Importer(815301076,1909f56bfc062723c751e8b465ee728b)  -> (artifact id: '7873a61474f835a5a54a0b70de045004') in 0.022938 seconds 
========================================================================
Received Import Request.
  Time since last request: 0.000061 seconds.
  path: Assets/VR Beginner/Models/RemoteController.fbx
  artifactKey: Guid(305bb086ba1c9e344ae0c20ec60eab1e) Importer(815301076,1909f56bfc062723c751e8b465ee728b)
Start importing Assets/VR Beginner/Models/RemoteController.fbx using Guid(305bb086ba1c9e344ae0c20ec60eab1e) Importer(815301076,1909f56bfc062723c751e8b465ee728b)  -> (artifact id: '39ea4c7576ca5a7de1a25914889acd1e') in 0.043775 seconds 
========================================================================
Received Import Request.
  Time since last request: 0.000046 seconds.
  path: Assets/VR Beginner/Models/Toothbrush.FBX
  artifactKey: Guid(92357002a1d43be4aa3c0b31adfa89fe) Importer(815301076,1909f56bfc062723c751e8b465ee728b)
Start importing Assets/VR Beginner/Models/Toothbrush.FBX using Guid(92357002a1d43be4aa3c0b31adfa89fe) Importer(815301076,1909f56bfc062723c751e8b465ee728b)  -> (artifact id: '900ae9dc13d068d7a5267ec7ac8d0abc') in 0.019709 seconds 
========================================================================
Received Import Request.
  Time since last request: 0.000079 seconds.
  path: Assets/VR Beginner/Models/PotionBottle2Broken.FBX
  artifactKey: Guid(3130254a08bc60f47ac3d85dd5850226) Importer(815301076,1909f56bfc062723c751e8b465ee728b)
Start importing Assets/VR Beginner/Models/PotionBottle2Broken.FBX using Guid(3130254a08bc60f47ac3d85dd5850226) Importer(815301076,1909f56bfc062723c751e8b465ee728b)  -> (artifact id: 'f545982a2a7db75cfd317a7b845fc2e4') in 0.180955 seconds 
========================================================================
Received Import Request.
  Time since last request: 22.573172 seconds.
  path: Assets/VR Beginner/Animations/FireBoy@Idle.fbx
  artifactKey: Guid(e0d632c8ceee21f458d2688f921b29b5) Importer(815301076,1909f56bfc062723c751e8b465ee728b)
Start importing Assets/VR Beginner/Animations/FireBoy@Idle.fbx using Guid(e0d632c8ceee21f458d2688f921b29b5) Importer(815301076,1909f56bfc062723c751e8b465ee728b)  -> (artifact id: 'b3a0b4baa4115932a3d5b9e6184179b8') in 0.059619 seconds 
========================================================================
Received Import Request.
  Time since last request: 14.040555 seconds.
  path: Assets/VR Beginner/Data/UniversalRenderPipelineAssetMobile.asset
  artifactKey: Guid(374f7e499f78367429c6f28e2a42ca61) Importer(815301076,1909f56bfc062723c751e8b465ee728b)
Start importing Assets/VR Beginner/Data/UniversalRenderPipelineAssetMobile.asset using Guid(374f7e499f78367429c6f28e2a42ca61) Importer(815301076,1909f56bfc062723c751e8b465ee728b)  -> (artifact id: '3a2da1c66728015f4e2efd8bde384f5c') in 0.005605 seconds 
========================================================================
Received Import Request.
  Time since last request: 20.579724 seconds.
  path: Assets/VR Beginner/Prefabs/EscapeRoom/ExitDoorLock.prefab
  artifactKey: Guid(d5730d76aac4cc14496fd9c7a4cdb8a7) Importer(815301076,1909f56bfc062723c751e8b465ee728b)
Start importing Assets/VR Beginner/Prefabs/EscapeRoom/ExitDoorLock.prefab using Guid(d5730d76aac4cc14496fd9c7a4cdb8a7) Importer(815301076,1909f56bfc062723c751e8b465ee728b)  -> (artifact id: '68edc14f49f1f990085e7ce9185f2912') in 0.017574 seconds 
========================================================================
Received Import Request.
  Time since last request: 0.000061 seconds.
  path: Assets/VR Beginner/Prefabs/EscapeRoom/GhostToy.prefab
  artifactKey: Guid(952a5982b28c6d84ead9c03fc69104c5) Importer(815301076,1909f56bfc062723c751e8b465ee728b)
Start importing Assets/VR Beginner/Prefabs/EscapeRoom/GhostToy.prefab using Guid(952a5982b28c6d84ead9c03fc69104c5) Importer(815301076,1909f56bfc062723c751e8b465ee728b)  -> (artifact id: '0f5ae71fd6d56484aa906530de303c11') in 0.022177 seconds 
========================================================================
Received Import Request.
  Time since last request: 0.000027 seconds.
  path: Assets/VR Beginner/Prefabs/EscapeRoom/ForceInstructions.prefab
  artifactKey: Guid(56f6794acfbf2874aa3db517260149b1) Importer(815301076,1909f56bfc062723c751e8b465ee728b)
Start importing Assets/VR Beginner/Prefabs/EscapeRoom/ForceInstructions.prefab using Guid(56f6794acfbf2874aa3db517260149b1) Importer(815301076,1909f56bfc062723c751e8b465ee728b)  -> (artifact id: '9cd80313af0f167598974f9b83143633') in 0.022932 seconds 
========================================================================
Received Import Request.
  Time since last request: 0.000028 seconds.
  path: Assets/VR Beginner/Prefabs/EscapeRoom/SpiderWeb.prefab
  artifactKey: Guid(31b4e4b290b20394e841217a6f5d31cb) Importer(815301076,1909f56bfc062723c751e8b465ee728b)
Start importing Assets/VR Beginner/Prefabs/EscapeRoom/SpiderWeb.prefab using Guid(31b4e4b290b20394e841217a6f5d31cb) Importer(815301076,1909f56bfc062723c751e8b465ee728b)  -> (artifact id: '498f1458e3f1b61a7ed47d119031012d') in 0.010938 seconds 
========================================================================
Received Import Request.
  Time since last request: 0.000078 seconds.
  path: Assets/VR Beginner/Prefabs/EscapeRoom/FireBoy.prefab
  artifactKey: Guid(31d9a7a8bf3e5284885375ad4726064d) Importer(815301076,1909f56bfc062723c751e8b465ee728b)
Start importing Assets/VR Beginner/Prefabs/EscapeRoom/FireBoy.prefab using Guid(31d9a7a8bf3e5284885375ad4726064d) Importer(815301076,1909f56bfc062723c751e8b465ee728b)  -> (artifact id: '2fe1b42bda5f47ed37abbfb30abbe4ae') in 0.029023 seconds 
========================================================================
Received Import Request.
  Time since last request: 0.000039 seconds.
  path: Assets/VR Beginner/Prefabs/EscapeRoom/PinkMissile.prefab
  artifactKey: Guid(89d7a330b0adb434da71096f1500d57a) Importer(815301076,1909f56bfc062723c751e8b465ee728b)
Start importing Assets/VR Beginner/Prefabs/EscapeRoom/PinkMissile.prefab using Guid(89d7a330b0adb434da71096f1500d57a) Importer(815301076,1909f56bfc062723c751e8b465ee728b)  -> (artifact id: '312ae30fe82f8f293f5c87fccb85c1f3') in 0.021530 seconds 
========================================================================
Received Import Request.
  Time since last request: 5.126964 seconds.
  path: Assets/VR Beginner/Prefabs/Stations/Cauldron.prefab
  artifactKey: Guid(8c9051b3ca2d4ed4d8d7a18f8cad0cc5) Importer(815301076,1909f56bfc062723c751e8b465ee728b)
Start importing Assets/VR Beginner/Prefabs/Stations/Cauldron.prefab using Guid(8c9051b3ca2d4ed4d8d7a18f8cad0cc5) Importer(815301076,1909f56bfc062723c751e8b465ee728b)  -> (artifact id: '6f4b5e1a532173632ff1f5f44bbadebd') in 0.023565 seconds 
========================================================================
Received Import Request.
  Time since last request: 0.000030 seconds.
  path: Assets/VR Beginner/Prefabs/Stations/Key.prefab
  artifactKey: Guid(8ae894f3be4faf94ca4007ccb752fec3) Importer(815301076,1909f56bfc062723c751e8b465ee728b)
Start importing Assets/VR Beginner/Prefabs/Stations/Key.prefab using Guid(8ae894f3be4faf94ca4007ccb752fec3) Importer(815301076,1909f56bfc062723c751e8b465ee728b)  -> (artifact id: 'c612f5b40844db6bf05ab24b6d54a575') in 0.026577 seconds 
========================================================================
Received Import Request.
  Time since last request: 0.000031 seconds.
  path: Assets/VR Beginner/Prefabs/Stations/Chest.prefab
  artifactKey: Guid(0d5fafde81cf5664b8cd5516d11976c1) Importer(815301076,1909f56bfc062723c751e8b465ee728b)
Start importing Assets/VR Beginner/Prefabs/Stations/Chest.prefab using Guid(0d5fafde81cf5664b8cd5516d11976c1) Importer(815301076,1909f56bfc062723c751e8b465ee728b)  -> (artifact id: 'c27d9c6fa606c33ec339d3a41b152cda') in 0.022058 seconds 
========================================================================
Received Import Request.
  Time since last request: 0.000031 seconds.
  path: Assets/VR Beginner/Prefabs/Stations/ExitDoorLock.prefab
  artifactKey: Guid(6d67d81d0c967a0468c682c56358b585) Importer(815301076,1909f56bfc062723c751e8b465ee728b)
Start importing Assets/VR Beginner/Prefabs/Stations/ExitDoorLock.prefab using Guid(6d67d81d0c967a0468c682c56358b585) Importer(815301076,1909f56bfc062723c751e8b465ee728b)  -> (artifact id: '482997583da37cc8304b77d32ce0bb75') in 0.013518 seconds 
========================================================================
Received Import Request.
  Time since last request: 22.746639 seconds.
  path: Assets/VR Beginner/Prefabs/PrototypeScene/Drill.prefab
  artifactKey: Guid(9bf1ea7e4e3a766428ef3f8802039887) Importer(815301076,1909f56bfc062723c751e8b465ee728b)
Start importing Assets/VR Beginner/Prefabs/PrototypeScene/Drill.prefab using Guid(9bf1ea7e4e3a766428ef3f8802039887) Importer(815301076,1909f56bfc062723c751e8b465ee728b)  -> (artifact id: '1e6055055f808f4708574d986620d41e') in 0.014500 seconds 
========================================================================
Received Import Request.
  Time since last request: 0.000027 seconds.
  path: Assets/VR Beginner/Prefabs/PrototypeScene/Remote Variant.prefab
  artifactKey: Guid(ec734f5a2f3e6a24fb51b9acac110b0c) Importer(815301076,1909f56bfc062723c751e8b465ee728b)
Start importing Assets/VR Beginner/Prefabs/PrototypeScene/Remote Variant.prefab using Guid(ec734f5a2f3e6a24fb51b9acac110b0c) Importer(815301076,1909f56bfc062723c751e8b465ee728b)  -> (artifact id: '89d6e73ce2b8438f19aa28197552b146') in 0.021456 seconds 
========================================================================
Received Import Request.
  Time since last request: 0.000048 seconds.
  path: Assets/VR Beginner/Prefabs/PrototypeScene/Toothbrush.prefab
  artifactKey: Guid(58e70592c837bbe4897359258333f245) Importer(815301076,1909f56bfc062723c751e8b465ee728b)
Start importing Assets/VR Beginner/Prefabs/PrototypeScene/Toothbrush.prefab using Guid(58e70592c837bbe4897359258333f245) Importer(815301076,1909f56bfc062723c751e8b465ee728b)  -> (artifact id: '11392a0297478c1d564d11c9c3f3ce02') in 0.017781 seconds 
========================================================================
Received Import Request.
  Time since last request: 0.000038 seconds.
  path: Assets/VR Beginner/Prefabs/PrototypeScene/Mug.prefab
  artifactKey: Guid(18d9bafd4e7591347b9751e6fdf1beb9) Importer(815301076,1909f56bfc062723c751e8b465ee728b)
Start importing Assets/VR Beginner/Prefabs/PrototypeScene/Mug.prefab using Guid(18d9bafd4e7591347b9751e6fdf1beb9) Importer(815301076,1909f56bfc062723c751e8b465ee728b)  -> (artifact id: 'd37c78a52fc8e90bedda90d7b579fb1b') in 0.020481 seconds 
========================================================================
Received Import Request.
  Time since last request: 0.000046 seconds.
  path: Assets/VR Beginner/Prefabs/PrototypeScene/TeleportationAnchorPrototype.prefab
  artifactKey: Guid(21a9b655c2d703344abc684145092a05) Importer(815301076,1909f56bfc062723c751e8b465ee728b)
Start importing Assets/VR Beginner/Prefabs/PrototypeScene/TeleportationAnchorPrototype.prefab using Guid(21a9b655c2d703344abc684145092a05) Importer(815301076,1909f56bfc062723c751e8b465ee728b)  -> (artifact id: 'f382903398428ee4571f99c96e14233f') in 0.019115 seconds 
========================================================================
Received Import Request.
  Time since last request: 4.577583 seconds.
  path: Assets/VR Beginner/Prefabs/Potions/PotionBottle3(Unlocker).prefab
  artifactKey: Guid(0b76d3131f1ffbe48925c7fbe4d7c572) Importer(815301076,1909f56bfc062723c751e8b465ee728b)
Start importing Assets/VR Beginner/Prefabs/Potions/PotionBottle3(Unlocker).prefab using Guid(0b76d3131f1ffbe48925c7fbe4d7c572) Importer(815301076,1909f56bfc062723c751e8b465ee728b)  -> (artifact id: '4ccf3b33fd49b2d1fe13620784787a5d') in 0.026740 seconds 
========================================================================
Received Import Request.
  Time since last request: 1.492419 seconds.
  path: Assets/VR Beginner/Prefabs/Ingredients/MeatSlice.prefab
  artifactKey: Guid(b7e389feae5750046b654451b357f33b) Importer(815301076,1909f56bfc062723c751e8b465ee728b)
Start importing Assets/VR Beginner/Prefabs/Ingredients/MeatSlice.prefab using Guid(b7e389feae5750046b654451b357f33b) Importer(815301076,1909f56bfc062723c751e8b465ee728b)  -> (artifact id: '34f504aed948d234bdb64e8286137c0f') in 0.006048 seconds 
========================================================================
Received Import Request.
  Time since last request: 0.000032 seconds.
  path: Assets/VR Beginner/Prefabs/Ingredients/Pumpking.prefab
  artifactKey: Guid(55368765a9112f74389e5e019bb3844b) Importer(815301076,1909f56bfc062723c751e8b465ee728b)
Start importing Assets/VR Beginner/Prefabs/Ingredients/Pumpking.prefab using Guid(55368765a9112f74389e5e019bb3844b) Importer(815301076,1909f56bfc062723c751e8b465ee728b)  -> (artifact id: 'a293b5eac34a23c04dcc86246a3a68c3') in 0.019246 seconds 
========================================================================
Received Import Request.
  Time since last request: 2.605813 seconds.
  path: Assets/VR Beginner/Prefabs/Tutorial/HandProto.prefab
  artifactKey: Guid(3467bca67fe9c5c49bc35b025f5814ee) Importer(815301076,1909f56bfc062723c751e8b465ee728b)
Start importing Assets/VR Beginner/Prefabs/Tutorial/HandProto.prefab using Guid(3467bca67fe9c5c49bc35b025f5814ee) Importer(815301076,1909f56bfc062723c751e8b465ee728b)  -> (artifact id: 'c84df5c89227660f23484b4f11468ce3') in 0.019731 seconds 
========================================================================
Received Import Request.
  Time since last request: 14.481819 seconds.
  path: Packages/com.unity.testtools.codecoverage/Editor/Compatibility/Compatibility.asmdef
  artifactKey: Guid(5518f4bf96c8e9849ab65cbaaf1191e1) Importer(815301076,1909f56bfc062723c751e8b465ee728b)
Start importing Packages/com.unity.testtools.codecoverage/Editor/Compatibility/Compatibility.asmdef using Guid(5518f4bf96c8e9849ab65cbaaf1191e1) Importer(815301076,1909f56bfc062723c751e8b465ee728b)  -> (artifact id: '7370fef70a95abc6acfe4f82acb5735f') in 0.005919 seconds 
========================================================================
Received Import Request.
  Time since last request: 21.701403 seconds.
  path: Packages/com.unity.xr.legacyinputhelpers/Tests/Runtime/TrackedPoseDriver/UnityEngine.SpatialTracking.Tests.asmdef
  artifactKey: Guid(0ed2122ec3d57864e862de5fb40f7eae) Importer(815301076,1909f56bfc062723c751e8b465ee728b)
Start importing Packages/com.unity.xr.legacyinputhelpers/Tests/Runtime/TrackedPoseDriver/UnityEngine.SpatialTracking.Tests.asmdef using Guid(0ed2122ec3d57864e862de5fb40f7eae) Importer(815301076,1909f56bfc062723c751e8b465ee728b)  -> (artifact id: '5ed48a3a793882a9119dc28722cf2b3d') in 0.005620 seconds 
Editor requested this worker to shutdown with reason: Scaling down because of idle timeout
AssetImportWorker is now disconnected from the server
Process exiting
Exiting without the bug reporter. Application will terminate with return code 0