Using pre-set license
Built from '2021.3/staging' branch; Version is '2021.3.4f1 (cb45f9cae8b7) revision 13321721'; Using compiler version '192829333'; Build Type 'Release'
OS: 'Windows 10  (10.0.19044) 64bit Core' Language: 'ru' Physical Memory: 16122 MB
BatchMode: 1, IsHumanControllingUs: 0, StartBugReporterOnCrash: 0, Is64bit: 1, IsPro: 1

COMMAND LINE ARGUMENTS:
C:\Program Files\Unity\Hub\Editor\2021.3.4f1\Editor\Unity.exe
-adb2
-batchMode
-noUpm
-name
AssetImportWorker4
-projectPath
C:/Unity/UnityProjects/VRP
-logFile
Logs/AssetImportWorker4.log
-srvPort
53162
Successfully changed project path to: C:/Unity/UnityProjects/VRP
C:/Unity/UnityProjects/VRP
[UnityMemory] Configuration Parameters - Can be set up in boot.config
    "memorysetup-bucket-allocator-granularity=16"
    "memorysetup-bucket-allocator-bucket-count=8"
    "memorysetup-bucket-allocator-block-size=33554432"
    "memorysetup-bucket-allocator-block-count=8"
    "memorysetup-main-allocator-block-size=16777216"
    "memorysetup-thread-allocator-block-size=16777216"
    "memorysetup-gfx-main-allocator-block-size=16777216"
    "memorysetup-gfx-thread-allocator-block-size=16777216"
    "memorysetup-cache-allocator-block-size=4194304"
    "memorysetup-typetree-allocator-block-size=2097152"
    "memorysetup-profiler-bucket-allocator-granularity=16"
    "memorysetup-profiler-bucket-allocator-bucket-count=8"
    "memorysetup-profiler-bucket-allocator-block-size=33554432"
    "memorysetup-profiler-bucket-allocator-block-count=8"
    "memorysetup-profiler-allocator-block-size=16777216"
    "memorysetup-profiler-editor-allocator-block-size=1048576"
    "memorysetup-temp-allocator-size-main=16777216"
    "memorysetup-job-temp-allocator-block-size=2097152"
    "memorysetup-job-temp-allocator-block-size-background=1048576"
    "memorysetup-job-temp-allocator-reduction-small-platforms=262144"
    "memorysetup-temp-allocator-size-background-worker=32768"
    "memorysetup-temp-allocator-size-job-worker=262144"
    "memorysetup-temp-allocator-size-preload-manager=33554432"
    "memorysetup-temp-allocator-size-nav-mesh-worker=65536"
    "memorysetup-temp-allocator-size-audio-worker=65536"
    "memorysetup-temp-allocator-size-cloud-worker=32768"
    "memorysetup-temp-allocator-size-gi-baking-worker=262144"
    "memorysetup-temp-allocator-size-gfx=262144"
Refreshing native plugins compatible for Editor in 107.96 ms, found 14 plugins.
Preloading 1 native plugins for Editor in 1.00 ms.
Initialize engine version: 2021.3.4f1 (cb45f9cae8b7)
[Subsystems] Discovering subsystems at path C:/Program Files/Unity/Hub/Editor/2021.3.4f1/Editor/Data/Resources/UnitySubsystems
[Subsystems] Discovering subsystems at path C:/Unity/UnityProjects/VRP/Assets
GfxDevice: creating device client; threaded=0; jobified=0
Direct3D:
    Version:  Direct3D 11.0 [level 11.1]
    Renderer: NVIDIA GeForce RTX 3060 Laptop GPU (ID=0x2520)
    Vendor:   NVIDIA
    VRAM:     6023 MB
    Driver:   30.0.15.1278
Initialize mono
Mono path[0] = 'C:/Program Files/Unity/Hub/Editor/2021.3.4f1/Editor/Data/Managed'
Mono path[1] = 'C:/Program Files/Unity/Hub/Editor/2021.3.4f1/Editor/Data/MonoBleedingEdge/lib/mono/unityjit-win32'
Mono config path = 'C:/Program Files/Unity/Hub/Editor/2021.3.4f1/Editor/Data/MonoBleedingEdge/etc'
Using monoOptions --debugger-agent=transport=dt_socket,embedding=1,server=y,suspend=n,address=127.0.0.1:56928
Begin MonoManager ReloadAssembly
Registering precompiled unity dll's ...
Register platform support module: C:/Program Files/Unity/Hub/Editor/2021.3.4f1/Editor/Data/PlaybackEngines/AndroidPlayer/UnityEditor.Android.Extensions.dll
Register platform support module: C:/Program Files/Unity/Hub/Editor/2021.3.4f1/Editor/Data/PlaybackEngines/WindowsStandaloneSupport/UnityEditor.WindowsStandalone.Extensions.dll
Registered in 0.006883 seconds.
Native extension for WindowsStandalone target not found
Native extension for Android target not found
Refreshing native plugins compatible for Editor in 90.65 ms, found 14 plugins.
Preloading 1 native plugins for Editor in 0.09 ms.
Mono: successfully reloaded assembly
- Completed reload, in  0.580 seconds
Domain Reload Profiling:
	ReloadAssembly (581ms)
		BeginReloadAssembly (69ms)
			ExecutionOrderSort (0ms)
			DisableScriptedObjects (0ms)
			BackupInstance (0ms)
			ReleaseScriptingObjects (0ms)
			CreateAndSetChildDomain (1ms)
		EndReloadAssembly (420ms)
			LoadAssemblies (68ms)
			RebuildTransferFunctionScriptingTraits (0ms)
			SetupTypeCache (96ms)
			ReleaseScriptCaches (0ms)
			RebuildScriptCaches (29ms)
			SetupLoadedEditorAssemblies (249ms)
				LogAssemblyErrors (0ms)
				InitializePlatformSupportModulesInManaged (44ms)
				SetLoadedEditorAssemblies (0ms)
				RefreshPlugins (91ms)
				BeforeProcessingInitializeOnLoad (1ms)
				ProcessInitializeOnLoadAttributes (75ms)
				ProcessInitializeOnLoadMethodAttributes (38ms)
				AfterProcessingInitializeOnLoad (0ms)
				EditorAssembliesLoaded (0ms)
			ExecutionOrderSort2 (0ms)
			AwakeInstancesAfterBackupRestoration (0ms)
Platform modules already initialized, skipping
Registering precompiled user dll's ...
Registered in 0.011061 seconds.
Begin MonoManager ReloadAssembly
Symbol file LoadedFromMemory doesn't match image C:\Unity\UnityProjects\VRP\Library\PackageCache\com.unity.visualscripting@1.7.8\Editor\VisualScripting.Core\Dependencies\DotNetZip\Unity.VisualScripting.IonicZip.dll
Symbol file LoadedFromMemory doesn't match image C:\Unity\UnityProjects\VRP\Library\PackageCache\com.unity.visualscripting@1.7.8\Editor\VisualScripting.Core\Dependencies\YamlDotNet\Unity.VisualScripting.YamlDotNet.dll
Native extension for WindowsStandalone target not found
Native extension for Android target not found
Refreshing native plugins compatible for Editor in 89.44 ms, found 14 plugins.
Preloading 1 native plugins for Editor in 0.08 ms.
Package Manager log level set to [2]
System.Reflection.TargetInvocationException: Exception has been thrown by the target of an invocation. ---> System.NullReferenceException: Object reference not set to an instance of an object
  at Unity.XR.Oculus.OculusLoader.AssetPathToAbsolutePath (System.String assetPath) [0x00040] in C:\Unity\UnityProjects\VRP\Library\PackageCache\com.unity.xr.oculus@3.0.1\Runtime\OculusLoader.cs:257 
  at Unity.XR.Oculus.OculusLoader.EditorLoadOVRPlugin () [0x0007b] in C:\Unity\UnityProjects\VRP\Library\PackageCache\com.unity.xr.oculus@3.0.1\Runtime\OculusLoader.cs:242 
  at (wrapper managed-to-native) System.Reflection.RuntimeMethodInfo.InternalInvoke(System.Reflection.RuntimeMethodInfo,object,object[],System.Exception&)
  at System.Reflection.RuntimeMethodInfo.Invoke (System.Object obj, System.Reflection.BindingFlags invokeAttr, System.Reflection.Binder binder, System.Object[] parameters, System.Globalization.CultureInfo culture) [0x0006a] in <d4cde64232cf45659d86aafa597faa77>:0 
   --- End of inner exception stack trace ---
  at System.Reflection.RuntimeMethodInfo.Invoke (System.Object obj, System.Reflection.BindingFlags invokeAttr, System.Reflection.Binder binder, System.Object[] parameters, System.Globalization.CultureInfo culture) [0x00083] in <d4cde64232cf45659d86aafa597faa77>:0 
  at System.Reflection.MethodBase.Invoke (System.Object obj, System.Object[] parameters) [0x00000] in <d4cde64232cf45659d86aafa597faa77>:0 
  at UnityEditor.EditorAssemblies.ProcessInitializeOnLoadMethodAttributes () [0x000a5] in <36f62d8e760b48f7af5d32916f997ce1>:0 
UnityEngine.StackTraceUtility:ExtractStackTrace ()
UnityEngine.DebugLogHandler:LogFormat (UnityEngine.LogType,UnityEngine.Object,string,object[])
UnityEngine.Logger:Log (UnityEngine.LogType,object)
UnityEngine.Debug:LogError (object)
UnityEditor.EditorAssemblies:ProcessInitializeOnLoadMethodAttributes ()

Mono: successfully reloaded assembly
- Completed reload, in  1.225 seconds
Domain Reload Profiling:
	ReloadAssembly (1225ms)
		BeginReloadAssembly (106ms)
			ExecutionOrderSort (0ms)
			DisableScriptedObjects (5ms)
			BackupInstance (0ms)
			ReleaseScriptingObjects (0ms)
			CreateAndSetChildDomain (17ms)
		EndReloadAssembly (1038ms)
			LoadAssemblies (176ms)
			RebuildTransferFunctionScriptingTraits (0ms)
			SetupTypeCache (292ms)
			ReleaseScriptCaches (1ms)
			RebuildScriptCaches (50ms)
			SetupLoadedEditorAssemblies (484ms)
				LogAssemblyErrors (0ms)
				InitializePlatformSupportModulesInManaged (18ms)
				SetLoadedEditorAssemblies (0ms)
				RefreshPlugins (90ms)
				BeforeProcessingInitializeOnLoad (88ms)
				ProcessInitializeOnLoadAttributes (253ms)
				ProcessInitializeOnLoadMethodAttributes (29ms)
				AfterProcessingInitializeOnLoad (6ms)
				EditorAssembliesLoaded (0ms)
			ExecutionOrderSort2 (0ms)
			AwakeInstancesAfterBackupRestoration (4ms)
Platform modules already initialized, skipping
========================================================================
Worker process is ready to serve import requests
Launched and connected shader compiler UnityShaderCompiler.exe after 0.05 seconds
Refreshing native plugins compatible for Editor in 1.68 ms, found 14 plugins.
Preloading 1 native plugins for Editor in 0.14 ms.
Unloading 4378 Unused Serialized files (Serialized files now loaded: 0)
Unloading 50 unused Assets / (86.4 KB). Loaded Objects now: 4851.
Memory consumption went from 174.1 MB to 174.0 MB.
Total: 3.492600 ms (FindLiveObjects: 0.342700 ms CreateObjectMapping: 0.130400 ms MarkObjects: 2.910900 ms  DeleteObjects: 0.107100 ms)

AssetImportParameters requested are different than current active one (requested -> active):
  custom:video-decoder-ogg-theora: a1e56fd34408186e4bbccfd4996cb3dc -> 
  custom:container-muxer-webm: aa71ff27fc2769a1b78a27578f13a17b -> 
  custom:container-demuxer-webm: 4f35f7cbe854078d1ac9338744f61a02 -> 
  custom:video-encoder-webm-vp8: eb34c28f22e8b96e1ab97ce403110664 -> 
  custom:audio-encoder-webm-vorbis: bf7c407c2cedff20999df2af8eb42d56 -> 
  custom:framework-win-MediaFoundation: 216162199b28c13a410421893ffa2e32 -> 
  custom:container-demuxer-ogg: 62fdf1f143b41e24485cea50d1cbac27 -> 
  custom:video-decoder-webm-vp8: 9c59270c3fd7afecdb556c50c9e8de78 -> 
  custom:audio-decoder-ogg-vorbis: bf7c407c2cedff20999df2af8eb42d56 -> 
========================================================================
Received Import Request.
  Time since last request: 7602.493835 seconds.
  path: Assets/VR Beginner/Scenes/Templates
  artifactKey: Guid(f9de34544b686d54cbd7a5d655016670) Importer(815301076,1909f56bfc062723c751e8b465ee728b)
Start importing Assets/VR Beginner/Scenes/Templates using Guid(f9de34544b686d54cbd7a5d655016670) Importer(815301076,1909f56bfc062723c751e8b465ee728b)  -> (artifact id: '499e3f01a505bb7f97bf310582f81fe6') in 0.011966 seconds 
========================================================================
Received Import Request.
  Time since last request: 1.119626 seconds.
  path: Assets/VR Beginner/Scenes/Templates/EmptyScene.unity
  artifactKey: Guid(0a8e6f393019bdd48aa904b304b8c5d4) Importer(815301076,1909f56bfc062723c751e8b465ee728b)
Start importing Assets/VR Beginner/Scenes/Templates/EmptyScene.unity using Guid(0a8e6f393019bdd48aa904b304b8c5d4) Importer(815301076,1909f56bfc062723c751e8b465ee728b)  -> (artifact id: 'e1f8cb113f8d359580a8923522049abb') in 0.004501 seconds 
========================================================================
Received Import Request.
  Time since last request: 1.598924 seconds.
  path: Assets/VR Beginner/Scenes/Templates/EmptyPrototypeScene.unity
  artifactKey: Guid(edb896499a74f8d43943294fc4458ae2) Importer(815301076,1909f56bfc062723c751e8b465ee728b)
Start importing Assets/VR Beginner/Scenes/Templates/EmptyPrototypeScene.unity using Guid(edb896499a74f8d43943294fc4458ae2) Importer(815301076,1909f56bfc062723c751e8b465ee728b)  -> (artifact id: '20ec4195aff0f53c54c8997c1d29df33') in 0.004378 seconds 
========================================================================
Received Import Request.
  Time since last request: 2.973431 seconds.
  path: Assets/VR Beginner/Scenes/Final/EscapeRoom.unity
  artifactKey: Guid(0f290611f0f8be4419d06b71aba4e36a) Importer(815301076,1909f56bfc062723c751e8b465ee728b)
Start importing Assets/VR Beginner/Scenes/Final/EscapeRoom.unity using Guid(0f290611f0f8be4419d06b71aba4e36a) Importer(815301076,1909f56bfc062723c751e8b465ee728b)  -> (artifact id: '44c5361a179b6e102792d7015f84ce11') in 0.004905 seconds 
========================================================================
Received Import Request.
  Time since last request: 4.470616 seconds.
  path: Assets/VR Beginner/Materials/BoxGrid.mat
  artifactKey: Guid(85947ffe4a26a41458fada64061c9d44) Importer(815301076,1909f56bfc062723c751e8b465ee728b)
Start importing Assets/VR Beginner/Materials/BoxGrid.mat using Guid(85947ffe4a26a41458fada64061c9d44) Importer(815301076,1909f56bfc062723c751e8b465ee728b)  -> (artifact id: '90d7dd72b604d8ca15f9b870844a08b4') in 0.116515 seconds 
========================================================================
Received Import Request.
  Time since last request: 0.000024 seconds.
  path: Assets/VR Beginner/Materials/RemoteController.mat
  artifactKey: Guid(39f83a14f1b5b524e875fadf99b70af8) Importer(815301076,1909f56bfc062723c751e8b465ee728b)
Start importing Assets/VR Beginner/Materials/RemoteController.mat using Guid(39f83a14f1b5b524e875fadf99b70af8) Importer(815301076,1909f56bfc062723c751e8b465ee728b)  -> (artifact id: '2be0e382d29eb73872ee50c05b4256dd') in 0.020202 seconds 
========================================================================
Received Import Request.
  Time since last request: 0.000022 seconds.
  path: Assets/VR Beginner/Materials/GlassBounce.physicMaterial
  artifactKey: Guid(ca7e678f610631948b4ea5bc5740f361) Importer(815301076,1909f56bfc062723c751e8b465ee728b)
Start importing Assets/VR Beginner/Materials/GlassBounce.physicMaterial using Guid(ca7e678f610631948b4ea5bc5740f361) Importer(815301076,1909f56bfc062723c751e8b465ee728b)  -> (artifact id: '2e1cdf9e906f9dec3f0c4006389c80a9') in 0.007903 seconds 
========================================================================
Received Import Request.
  Time since last request: 0.000032 seconds.
  path: Assets/VR Beginner/Materials/SkyboxBlue.mat
  artifactKey: Guid(95426e3e34c84d94a8f6c2d1db6df984) Importer(815301076,1909f56bfc062723c751e8b465ee728b)
Start importing Assets/VR Beginner/Materials/SkyboxBlue.mat using Guid(95426e3e34c84d94a8f6c2d1db6df984) Importer(815301076,1909f56bfc062723c751e8b465ee728b)  -> (artifact id: '408cc54460b361e22bc36b239f9528e5') in 0.022504 seconds 
========================================================================
Received Import Request.
  Time since last request: 0.000039 seconds.
  path: Assets/VR Beginner/Materials/SkyboxBlank.mat
  artifactKey: Guid(508785c2af3499b4790effb0803f30eb) Importer(815301076,1909f56bfc062723c751e8b465ee728b)
Start importing Assets/VR Beginner/Materials/SkyboxBlank.mat using Guid(508785c2af3499b4790effb0803f30eb) Importer(815301076,1909f56bfc062723c751e8b465ee728b)  -> (artifact id: '0d40101be643e9c2ec6b16fcde780e18') in 0.029693 seconds 
========================================================================
Received Import Request.
  Time since last request: 0.000041 seconds.
  path: Assets/VR Beginner/Materials/TheMaterial.mat
  artifactKey: Guid(b087163334465c846aaae5f8ba363f50) Importer(815301076,1909f56bfc062723c751e8b465ee728b)
Start importing Assets/VR Beginner/Materials/TheMaterial.mat using Guid(b087163334465c846aaae5f8ba363f50) Importer(815301076,1909f56bfc062723c751e8b465ee728b)  -> (artifact id: '3868bb023c6252976ea34c4cd3120e45') in 0.014821 seconds 
========================================================================
Received Import Request.
  Time since last request: 0.000025 seconds.
  path: Assets/VR Beginner/Materials/Skybox.png
  artifactKey: Guid(e5ddee3454002a7428745aa7e954dbd7) Importer(815301076,1909f56bfc062723c751e8b465ee728b)
Start importing Assets/VR Beginner/Materials/Skybox.png using Guid(e5ddee3454002a7428745aa7e954dbd7) Importer(815301076,1909f56bfc062723c751e8b465ee728b)  -> (artifact id: '5ffc88a131b6c3e5c9660ec8041399e4') in 0.041030 seconds 
========================================================================
Received Import Request.
  Time since last request: 0.000024 seconds.
  path: Assets/VR Beginner/Materials/Toaster.mat
  artifactKey: Guid(510316c8e8621fe4fa79bd9019d53965) Importer(815301076,1909f56bfc062723c751e8b465ee728b)
Start importing Assets/VR Beginner/Materials/Toaster.mat using Guid(510316c8e8621fe4fa79bd9019d53965) Importer(815301076,1909f56bfc062723c751e8b465ee728b)  -> (artifact id: '9353c88013ac9be053ce518232379bfa') in 0.014766 seconds 
========================================================================
Received Import Request.
  Time since last request: 0.000026 seconds.
  path: Assets/VR Beginner/Materials/Toothbrush.mat
  artifactKey: Guid(db1b95b46c6700941afa501804c61be1) Importer(815301076,1909f56bfc062723c751e8b465ee728b)
Start importing Assets/VR Beginner/Materials/Toothbrush.mat using Guid(db1b95b46c6700941afa501804c61be1) Importer(815301076,1909f56bfc062723c751e8b465ee728b)  -> (artifact id: '0e3da8f25ee329e15cb5d0bd92e0ca00') in 0.015680 seconds 
========================================================================
Received Import Request.
  Time since last request: 0.000071 seconds.
  path: Assets/VR Beginner/Materials/SelfIllum.mat
  artifactKey: Guid(5347717e71dbf364ebee0d38ac13eba0) Importer(815301076,1909f56bfc062723c751e8b465ee728b)
Start importing Assets/VR Beginner/Materials/SelfIllum.mat using Guid(5347717e71dbf364ebee0d38ac13eba0) Importer(815301076,1909f56bfc062723c751e8b465ee728b)  -> (artifact id: '6b04513735d59171b529b1f353aad4da') in 0.014721 seconds 
========================================================================
Received Import Request.
  Time since last request: 0.000029 seconds.
  path: Assets/VR Beginner/Materials/Flashlight.mat
  artifactKey: Guid(c32f8203033240a48848c96a1c981e62) Importer(815301076,1909f56bfc062723c751e8b465ee728b)
Start importing Assets/VR Beginner/Materials/Flashlight.mat using Guid(c32f8203033240a48848c96a1c981e62) Importer(815301076,1909f56bfc062723c751e8b465ee728b)  -> (artifact id: 'b3ffb4b236771aa32dc7360506b82b91') in 0.016629 seconds 
========================================================================
Received Import Request.
  Time since last request: 33.432094 seconds.
  path: Assets/VR Beginner/Materials/BoxGrid.mat
  artifactKey: Guid(85947ffe4a26a41458fada64061c9d44) Importer(815301076,1909f56bfc062723c751e8b465ee728b)
Start importing Assets/VR Beginner/Materials/BoxGrid.mat using Guid(85947ffe4a26a41458fada64061c9d44) Importer(815301076,1909f56bfc062723c751e8b465ee728b)  -> (artifact id: 'e58d5c38aa18277b1d078ec111ff9126') in 0.026962 seconds 
========================================================================
Received Import Request.
  Time since last request: 0.000051 seconds.
  path: Assets/VR Beginner/Materials/Drill.mat
  artifactKey: Guid(b6c84f572bc946d4b84bc3b6f87496f7) Importer(815301076,1909f56bfc062723c751e8b465ee728b)
Start importing Assets/VR Beginner/Materials/Drill.mat using Guid(b6c84f572bc946d4b84bc3b6f87496f7) Importer(815301076,1909f56bfc062723c751e8b465ee728b)  -> (artifact id: 'f44d9dbdf66fd02ef2d7b94043a31ec0') in 0.018981 seconds 
========================================================================
Received Import Request.
  Time since last request: 0.000054 seconds.
  path: Assets/VR Beginner/Materials/Hourglass.mat
  artifactKey: Guid(55950412b149dba4babae087ba0932fb) Importer(815301076,1909f56bfc062723c751e8b465ee728b)
Start importing Assets/VR Beginner/Materials/Hourglass.mat using Guid(55950412b149dba4babae087ba0932fb) Importer(815301076,1909f56bfc062723c751e8b465ee728b)  -> (artifact id: 'a66fd63b947501dd811e1d61515195a2') in 0.018486 seconds 
========================================================================
Received Import Request.
  Time since last request: 0.000031 seconds.
  path: Assets/VR Beginner/Materials/greenliquid.mat
  artifactKey: Guid(f5d45bc1d2cb66b49a693c5bf6e4a180) Importer(815301076,1909f56bfc062723c751e8b465ee728b)
Start importing Assets/VR Beginner/Materials/greenliquid.mat using Guid(f5d45bc1d2cb66b49a693c5bf6e4a180) Importer(815301076,1909f56bfc062723c751e8b465ee728b)  -> (artifact id: '764530dea2d4931a1046e6d8cf71d75e') in 0.101628 seconds 
========================================================================
Received Import Request.
  Time since last request: 0.000064 seconds.
  path: Assets/VR Beginner/Materials/SelfIllum.mat
  artifactKey: Guid(5347717e71dbf364ebee0d38ac13eba0) Importer(815301076,1909f56bfc062723c751e8b465ee728b)
Start importing Assets/VR Beginner/Materials/SelfIllum.mat using Guid(5347717e71dbf364ebee0d38ac13eba0) Importer(815301076,1909f56bfc062723c751e8b465ee728b)  -> (artifact id: '1218f2a089bf62d910aefb19bf315536') in 0.015830 seconds 
========================================================================
Received Import Request.
  Time since last request: 40.388288 seconds.
  path: Assets/VR Beginner/Materials/TheInstructions.mat
  artifactKey: Guid(99236b17adb169e478e82d0579d18c82) Importer(815301076,1909f56bfc062723c751e8b465ee728b)
Start importing Assets/VR Beginner/Materials/TheInstructions.mat using Guid(99236b17adb169e478e82d0579d18c82) Importer(815301076,1909f56bfc062723c751e8b465ee728b)  -> (artifact id: '570804d8fc24eb7a0fd11de11d8fb9a0') in 0.017306 seconds 
========================================================================
Received Import Request.
  Time since last request: 0.000034 seconds.
  path: Assets/VR Beginner/Materials/Toaster.mat
  artifactKey: Guid(510316c8e8621fe4fa79bd9019d53965) Importer(815301076,1909f56bfc062723c751e8b465ee728b)
Start importing Assets/VR Beginner/Materials/Toaster.mat using Guid(510316c8e8621fe4fa79bd9019d53965) Importer(815301076,1909f56bfc062723c751e8b465ee728b)  -> (artifact id: 'edeee04866b86bebab199f0c89788c77') in 0.024224 seconds 
========================================================================
Received Import Request.
  Time since last request: 0.000034 seconds.
  path: Assets/VR Beginner/Materials/Toothbrush.mat
  artifactKey: Guid(db1b95b46c6700941afa501804c61be1) Importer(815301076,1909f56bfc062723c751e8b465ee728b)
Start importing Assets/VR Beginner/Materials/Toothbrush.mat using Guid(db1b95b46c6700941afa501804c61be1) Importer(815301076,1909f56bfc062723c751e8b465ee728b)  -> (artifact id: 'c3aaf972304e883bfcbf4e365600bedb') in 0.017316 seconds 
========================================================================
Received Import Request.
  Time since last request: 0.000039 seconds.
  path: Assets/VR Beginner/Materials/TorchGlass.mat
  artifactKey: Guid(205fc949dd23f614ab63b958ee89b137) Importer(815301076,1909f56bfc062723c751e8b465ee728b)
Start importing Assets/VR Beginner/Materials/TorchGlass.mat using Guid(205fc949dd23f614ab63b958ee89b137) Importer(815301076,1909f56bfc062723c751e8b465ee728b)  -> (artifact id: 'de9f91a0cd7c7dddd1df1d1795b0adb1') in 0.019876 seconds 
========================================================================
Received Import Request.
  Time since last request: 24.542386 seconds.
  path: Assets/SteamVR/Models/Materials/Abyss.mat
  artifactKey: Guid(9b01d7c0e4dfa854eb5dfe2624e27c0f) Importer(815301076,1909f56bfc062723c751e8b465ee728b)
Start importing Assets/SteamVR/Models/Materials/Abyss.mat using Guid(9b01d7c0e4dfa854eb5dfe2624e27c0f) Importer(815301076,1909f56bfc062723c751e8b465ee728b)  -> (artifact id: '88cb7e311d9b07d94b901b1b606abeee') in 0.016865 seconds 
========================================================================
Received Import Request.
  Time since last request: 0.000032 seconds.
  path: Assets/SteamVR/InteractionSystem/Longbow/Materials/BalloonColor.mat
  artifactKey: Guid(406981998f1234442a4f2eb50cfe07e1) Importer(815301076,1909f56bfc062723c751e8b465ee728b)
Start importing Assets/SteamVR/InteractionSystem/Longbow/Materials/BalloonColor.mat using Guid(406981998f1234442a4f2eb50cfe07e1) Importer(815301076,1909f56bfc062723c751e8b465ee728b)  -> (artifact id: '291b229ed405e4858971ae6a13b63366') in 0.015133 seconds 
========================================================================
Received Import Request.
  Time since last request: 0.000041 seconds.
  path: Assets/SteamVR/InteractionSystem/Longbow/Materials/BalloonPopLine.mat
  artifactKey: Guid(25bc1e9c1d9042d4781cb174093aaaed) Importer(815301076,1909f56bfc062723c751e8b465ee728b)
Start importing Assets/SteamVR/InteractionSystem/Longbow/Materials/BalloonPopLine.mat using Guid(25bc1e9c1d9042d4781cb174093aaaed) Importer(815301076,1909f56bfc062723c751e8b465ee728b)  -> (artifact id: '9bbf9d3c166c424d23a707a8dd858380') in 0.013749 seconds 
========================================================================
Received Import Request.
  Time since last request: 0.000034 seconds.
  path: Assets/SteamVR/InteractionSystem/Longbow/Materials/ArrowGlint.mat
  artifactKey: Guid(f3004e0c0e5df074abcb3548fd812bfc) Importer(815301076,1909f56bfc062723c751e8b465ee728b)
Start importing Assets/SteamVR/InteractionSystem/Longbow/Materials/ArrowGlint.mat using Guid(f3004e0c0e5df074abcb3548fd812bfc) Importer(815301076,1909f56bfc062723c751e8b465ee728b)  -> (artifact id: 'e01543a91ee9097a2bfb79ff3d49f759') in 0.013890 seconds 
========================================================================
Received Import Request.
  Time since last request: 1.547363 seconds.
  path: Assets/VR Beginner/VFX/Cauldron/CauldronLiquid.mat
  artifactKey: Guid(b3d406be64d88994d952c1508975fc8a) Importer(815301076,1909f56bfc062723c751e8b465ee728b)
Start importing Assets/VR Beginner/VFX/Cauldron/CauldronLiquid.mat using Guid(b3d406be64d88994d952c1508975fc8a) Importer(815301076,1909f56bfc062723c751e8b465ee728b)  -> (artifact id: 'cbbd20e56afcda7b8b87d6405c985cc1') in 0.019700 seconds 
========================================================================
Received Import Request.
  Time since last request: 0.432389 seconds.
  path: Assets/SteamVR/InteractionSystem/Core/Materials/HoverHighlight.mat
  artifactKey: Guid(7b939e5e799d98a469f594828ebab52e) Importer(815301076,1909f56bfc062723c751e8b465ee728b)
Start importing Assets/SteamVR/InteractionSystem/Core/Materials/HoverHighlight.mat using Guid(7b939e5e799d98a469f594828ebab52e) Importer(815301076,1909f56bfc062723c751e8b465ee728b)  -> (artifact id: '57eb9a0669475d063becdf90e836eff0') in 0.012573 seconds 
========================================================================
Received Import Request.
  Time since last request: 0.000029 seconds.
  path: Assets/SteamVR/InteractionSystem/Samples/Materials/ShinyWhiteHighlighted.mat
  artifactKey: Guid(6729a932de5127b419aacfd9be7dde0d) Importer(815301076,1909f56bfc062723c751e8b465ee728b)
Start importing Assets/SteamVR/InteractionSystem/Samples/Materials/ShinyWhiteHighlighted.mat using Guid(6729a932de5127b419aacfd9be7dde0d) Importer(815301076,1909f56bfc062723c751e8b465ee728b)  -> (artifact id: 'aed6e9766b14953cbcc4e52e19712096') in 0.015850 seconds 
========================================================================
Received Import Request.
  Time since last request: 0.000054 seconds.
  path: Assets/SteamVR/InteractionSystem/Samples/Materials/ShinyWhiteHighlightedObject.mat
  artifactKey: Guid(fd5c04cbf78ad9d4691c1055c7ce7e2c) Importer(815301076,1909f56bfc062723c751e8b465ee728b)
Start importing Assets/SteamVR/InteractionSystem/Samples/Materials/ShinyWhiteHighlightedObject.mat using Guid(fd5c04cbf78ad9d4691c1055c7ce7e2c) Importer(815301076,1909f56bfc062723c751e8b465ee728b)  -> (artifact id: '539a82f0492a66bbba0a82a3aec0eb3f') in 0.014511 seconds 
========================================================================
Received Import Request.
  Time since last request: 39.824883 seconds.
  path: Assets/VR Beginner/VFX/Sparks/Sparks.mat
  artifactKey: Guid(c1f09c5971ce45e458742250afd3ba2b) Importer(815301076,1909f56bfc062723c751e8b465ee728b)
Start importing Assets/VR Beginner/VFX/Sparks/Sparks.mat using Guid(c1f09c5971ce45e458742250afd3ba2b) Importer(815301076,1909f56bfc062723c751e8b465ee728b)  -> (artifact id: 'b376c3ae5be2664da14b6e0d06ea904d') in 0.011263 seconds 
========================================================================
Received Import Request.
  Time since last request: 242.263240 seconds.
  path: Assets/VR Beginner/Models/BookBlue.fbx
  artifactKey: Guid(3997bb47d750c6b43a45ffbe9a805fde) Importer(815301076,1909f56bfc062723c751e8b465ee728b)
Start importing Assets/VR Beginner/Models/BookBlue.fbx using Guid(3997bb47d750c6b43a45ffbe9a805fde) Importer(815301076,1909f56bfc062723c751e8b465ee728b)  -> (artifact id: '514564bd8a1b21214427deba90c0c0ae') in 0.051011 seconds 
========================================================================
Received Import Request.
  Time since last request: 0.000050 seconds.
  path: Assets/VR Beginner/Models/InstructionsIngredients.fbx
  artifactKey: Guid(b4a4f7336e1f91c40897a521e35cdc28) Importer(815301076,1909f56bfc062723c751e8b465ee728b)
Start importing Assets/VR Beginner/Models/InstructionsIngredients.fbx using Guid(b4a4f7336e1f91c40897a521e35cdc28) Importer(815301076,1909f56bfc062723c751e8b465ee728b)  -> (artifact id: 'ca7aae3eed1fbd39386b5433a7a61fdc') in 0.041104 seconds 
========================================================================
Received Import Request.
  Time since last request: 0.000030 seconds.
  path: Assets/VR Beginner/Models/CauldronPipe.fbx
  artifactKey: Guid(ad77cbe223d0f5e459175facc032b464) Importer(815301076,1909f56bfc062723c751e8b465ee728b)
Start importing Assets/VR Beginner/Models/CauldronPipe.fbx using Guid(ad77cbe223d0f5e459175facc032b464) Importer(815301076,1909f56bfc062723c751e8b465ee728b)  -> (artifact id: '2999cbbb2e144dbcfe69aa4be1658a3d') in 0.030736 seconds 
========================================================================
Received Import Request.
  Time since last request: 0.000028 seconds.
  path: Assets/VR Beginner/Models/ghostToy.fbx
  artifactKey: Guid(82b96c091c6d92646ba83061cbc72d1a) Importer(815301076,1909f56bfc062723c751e8b465ee728b)
Start importing Assets/VR Beginner/Models/ghostToy.fbx using Guid(82b96c091c6d92646ba83061cbc72d1a) Importer(815301076,1909f56bfc062723c751e8b465ee728b)  -> (artifact id: 'fac393b9f1277357bb0df93de2a82dbf') in 0.022424 seconds 
========================================================================
Received Import Request.
  Time since last request: 0.000056 seconds.
  path: Assets/VR Beginner/Models/Hourglass.FBX
  artifactKey: Guid(6d653f30066e8f746965a303d0776256) Importer(815301076,1909f56bfc062723c751e8b465ee728b)
Start importing Assets/VR Beginner/Models/Hourglass.FBX using Guid(6d653f30066e8f746965a303d0776256) Importer(815301076,1909f56bfc062723c751e8b465ee728b)  -> (artifact id: 'f7e0f93264149d70ff7e0cbf668c6108') in 0.061817 seconds 
========================================================================
Received Import Request.
  Time since last request: 0.000043 seconds.
  path: Assets/VR Beginner/Models/HandProto.fbx
  artifactKey: Guid(bf3939cad79ab9040bd9b59ee6829398) Importer(815301076,1909f56bfc062723c751e8b465ee728b)
Start importing Assets/VR Beginner/Models/HandProto.fbx using Guid(bf3939cad79ab9040bd9b59ee6829398) Importer(815301076,1909f56bfc062723c751e8b465ee728b)  -> (artifact id: '6323988606b3a6e8693ae78ffd4981ff') in 0.039417 seconds 
========================================================================
Received Import Request.
  Time since last request: 0.000052 seconds.
  path: Assets/VR Beginner/Models/Cheese.FBX
  artifactKey: Guid(bd5c9c26ed82ab34db467c39d05ecbdc) Importer(815301076,1909f56bfc062723c751e8b465ee728b)
Start importing Assets/VR Beginner/Models/Cheese.FBX using Guid(bd5c9c26ed82ab34db467c39d05ecbdc) Importer(815301076,1909f56bfc062723c751e8b465ee728b)  -> (artifact id: 'b00307a51b4d66fa0900229e0c559ee0') in 0.021132 seconds 
========================================================================
Received Import Request.
  Time since last request: 0.000054 seconds.
  path: Assets/VR Beginner/Models/Fusebox.FBX
  artifactKey: Guid(5bfaf6b7d0928674cbb4e5f3a5e29083) Importer(815301076,1909f56bfc062723c751e8b465ee728b)
Start importing Assets/VR Beginner/Models/Fusebox.FBX using Guid(5bfaf6b7d0928674cbb4e5f3a5e29083) Importer(815301076,1909f56bfc062723c751e8b465ee728b)  -> (artifact id: 'bb558fd7fae44ea79d01c393df0092b5') in 0.046898 seconds 
========================================================================
Received Import Request.
  Time since last request: 0.000030 seconds.
  path: Assets/VR Beginner/Models/BookNavy.fbx
  artifactKey: Guid(da46f27ebeb7d3947b9497ee161a31ed) Importer(815301076,1909f56bfc062723c751e8b465ee728b)
Start importing Assets/VR Beginner/Models/BookNavy.fbx using Guid(da46f27ebeb7d3947b9497ee161a31ed) Importer(815301076,1909f56bfc062723c751e8b465ee728b)  -> (artifact id: '70b90634899e19d63d49bb7550230d59') in 0.021984 seconds 
========================================================================
Received Import Request.
  Time since last request: 0.000035 seconds.
  path: Assets/VR Beginner/Models/BookGreen.fbx
  artifactKey: Guid(8bf410868a62ffd49834417a557e760c) Importer(815301076,1909f56bfc062723c751e8b465ee728b)
Start importing Assets/VR Beginner/Models/BookGreen.fbx using Guid(8bf410868a62ffd49834417a557e760c) Importer(815301076,1909f56bfc062723c751e8b465ee728b)  -> (artifact id: '305b98c6f10a7f23a65439529d82594a') in 0.024129 seconds 
========================================================================
Received Import Request.
  Time since last request: 0.000033 seconds.
  path: Assets/VR Beginner/Models/Cauldron.fbx
  artifactKey: Guid(1a3240bcf8b6ca44ab94979b7e24cde1) Importer(815301076,1909f56bfc062723c751e8b465ee728b)
Start importing Assets/VR Beginner/Models/Cauldron.fbx using Guid(1a3240bcf8b6ca44ab94979b7e24cde1) Importer(815301076,1909f56bfc062723c751e8b465ee728b)  -> (artifact id: '90ed99cf82649e05e4446f1136907fa7') in 0.097154 seconds 
========================================================================
Received Import Request.
  Time since last request: 0.000048 seconds.
  path: Assets/VR Beginner/Models/BookOfSpells.fbx
  artifactKey: Guid(c0658d00c20d19d46ba322f21394d830) Importer(815301076,1909f56bfc062723c751e8b465ee728b)
Start importing Assets/VR Beginner/Models/BookOfSpells.fbx using Guid(c0658d00c20d19d46ba322f21394d830) Importer(815301076,1909f56bfc062723c751e8b465ee728b)  -> (artifact id: '5fa5ae3ba9bfac3f6b24c1b98f25a81d') in 0.031905 seconds 
========================================================================
Received Import Request.
  Time since last request: 0.000059 seconds.
  path: Assets/VR Beginner/Models/Flashlight.FBX
  artifactKey: Guid(f13e65634bd5b3749b0ee3c8ab27b8f4) Importer(815301076,1909f56bfc062723c751e8b465ee728b)
Start importing Assets/VR Beginner/Models/Flashlight.FBX using Guid(f13e65634bd5b3749b0ee3c8ab27b8f4) Importer(815301076,1909f56bfc062723c751e8b465ee728b)  -> (artifact id: '03b24a1df6edd8c05b92ca1d34a12730') in 0.039567 seconds 
========================================================================
Received Import Request.
  Time since last request: 0.000029 seconds.
  path: Assets/VR Beginner/Models/ExitDoorLock.fbx
  artifactKey: Guid(8ea4b39c0a3dadf4a83b18bb42e5d3fd) Importer(815301076,1909f56bfc062723c751e8b465ee728b)
Start importing Assets/VR Beginner/Models/ExitDoorLock.fbx using Guid(8ea4b39c0a3dadf4a83b18bb42e5d3fd) Importer(815301076,1909f56bfc062723c751e8b465ee728b)  -> (artifact id: '0dd0631548ea88789d7c64246872c42a') in 0.027191 seconds 
========================================================================
Received Import Request.
  Time since last request: 0.000035 seconds.
  path: Assets/VR Beginner/Models/FireBoy.fbx
  artifactKey: Guid(c7be5e3d1b69f3b4a8853a4daec7d5d2) Importer(815301076,1909f56bfc062723c751e8b465ee728b)
Start importing Assets/VR Beginner/Models/FireBoy.fbx using Guid(c7be5e3d1b69f3b4a8853a4daec7d5d2) Importer(815301076,1909f56bfc062723c751e8b465ee728b)  -> (artifact id: '1757826a39f45be83a025ff14c9c0e21') in 0.036481 seconds 
========================================================================
Received Import Request.
  Time since last request: 0.000025 seconds.
  path: Assets/VR Beginner/Models/Fences.fbx
  artifactKey: Guid(78e85f1f603147b4da3fefd6e3c3e5dc) Importer(815301076,1909f56bfc062723c751e8b465ee728b)
Start importing Assets/VR Beginner/Models/Fences.fbx using Guid(78e85f1f603147b4da3fefd6e3c3e5dc) Importer(815301076,1909f56bfc062723c751e8b465ee728b)  -> (artifact id: '6c8c5a2bb01c304fa62f221095672aec') in 0.278922 seconds 
========================================================================
Received Import Request.
  Time since last request: 0.000048 seconds.
  path: Assets/VR Beginner/Models/HandWitch.fbx
  artifactKey: Guid(1f5a20cf402ae624e969edbaf519daf6) Importer(815301076,1909f56bfc062723c751e8b465ee728b)
Start importing Assets/VR Beginner/Models/HandWitch.fbx using Guid(1f5a20cf402ae624e969edbaf519daf6) Importer(815301076,1909f56bfc062723c751e8b465ee728b)  -> (artifact id: '459606250b8dd486d5b85d41612f61ac') in 0.033210 seconds 
========================================================================
Received Import Request.
  Time since last request: 0.000038 seconds.
  path: Assets/VR Beginner/Models/DimmerSwitch.fbx
  artifactKey: Guid(5cd98cc681589d64f8699cba6b9adde2) Importer(815301076,1909f56bfc062723c751e8b465ee728b)
Start importing Assets/VR Beginner/Models/DimmerSwitch.fbx using Guid(5cd98cc681589d64f8699cba6b9adde2) Importer(815301076,1909f56bfc062723c751e8b465ee728b)  -> (artifact id: 'ffa5187ca367af25e9db6bb8fa5b4089') in 0.038390 seconds 
========================================================================
Received Import Request.
  Time since last request: 0.495137 seconds.
  path: Assets/VR Beginner/Models/MeatSlice.FBX
  artifactKey: Guid(4b244d23936834d418f18b8cf6c67556) Importer(815301076,1909f56bfc062723c751e8b465ee728b)
Start importing Assets/VR Beginner/Models/MeatSlice.FBX using Guid(4b244d23936834d418f18b8cf6c67556) Importer(815301076,1909f56bfc062723c751e8b465ee728b)  -> (artifact id: '079e7d9cf93c58dca8152866d5392b5d') in 0.017011 seconds 
========================================================================
Received Import Request.
  Time since last request: 0.000022 seconds.
  path: Assets/VR Beginner/Models/painting2.fbx
  artifactKey: Guid(92a6901ab5c02e545a4a40fdfa767f56) Importer(815301076,1909f56bfc062723c751e8b465ee728b)
Start importing Assets/VR Beginner/Models/painting2.fbx using Guid(92a6901ab5c02e545a4a40fdfa767f56) Importer(815301076,1909f56bfc062723c751e8b465ee728b)  -> (artifact id: '438559d9c2df30054c5d31d7a16230b2') in 0.020529 seconds 
========================================================================
Received Import Request.
  Time since last request: 0.000033 seconds.
  path: Assets/VR Beginner/Models/painting3.fbx
  artifactKey: Guid(5aff463ff3c15074188bc8e24c6da077) Importer(815301076,1909f56bfc062723c751e8b465ee728b)
Start importing Assets/VR Beginner/Models/painting3.fbx using Guid(5aff463ff3c15074188bc8e24c6da077) Importer(815301076,1909f56bfc062723c751e8b465ee728b)  -> (artifact id: '3042f0b019217d30833831938ebb4dea') in 0.020739 seconds 
========================================================================
Received Import Request.
  Time since last request: 0.000037 seconds.
  path: Assets/VR Beginner/Models/Painting1.fbx
  artifactKey: Guid(489bd792c0f500241bfe1dc0e763a5ed) Importer(815301076,1909f56bfc062723c751e8b465ee728b)
Start importing Assets/VR Beginner/Models/Painting1.fbx using Guid(489bd792c0f500241bfe1dc0e763a5ed) Importer(815301076,1909f56bfc062723c751e8b465ee728b)  -> (artifact id: '28bb287a8ced0c478cbbe4d0947d740d') in 0.021559 seconds 
========================================================================
Received Import Request.
  Time since last request: 0.000067 seconds.
  path: Assets/VR Beginner/Models/Painting4.fbx
  artifactKey: Guid(10cb07cb5830e2340a2eed20bf14ffab) Importer(815301076,1909f56bfc062723c751e8b465ee728b)
Start importing Assets/VR Beginner/Models/Painting4.fbx using Guid(10cb07cb5830e2340a2eed20bf14ffab) Importer(815301076,1909f56bfc062723c751e8b465ee728b)  -> (artifact id: '6988b3f98655a50491db36103cf1ff56') in 0.023763 seconds 
========================================================================
Received Import Request.
  Time since last request: 0.000049 seconds.
  path: Assets/VR Beginner/Models/OutdoorShack.fbx
  artifactKey: Guid(2b9378a5444ba4248a76a880faefbf2e) Importer(815301076,1909f56bfc062723c751e8b465ee728b)
Start importing Assets/VR Beginner/Models/OutdoorShack.fbx using Guid(2b9378a5444ba4248a76a880faefbf2e) Importer(815301076,1909f56bfc062723c751e8b465ee728b)  -> (artifact id: 'e99272fae2fb61b6d98a3065cc71497b') in 0.045098 seconds 
========================================================================
Received Import Request.
  Time since last request: 1.383099 seconds.
  path: Assets/VR Beginner/Models/PotionBottle1.FBX
  artifactKey: Guid(a795a3a3f0cabd645bcc05e4caa8df92) Importer(815301076,1909f56bfc062723c751e8b465ee728b)
Start importing Assets/VR Beginner/Models/PotionBottle1.FBX using Guid(a795a3a3f0cabd645bcc05e4caa8df92) Importer(815301076,1909f56bfc062723c751e8b465ee728b)  -> (artifact id: '7349a9bf64233c1b3913c6e28f0733c3') in 0.040248 seconds 
========================================================================
Received Import Request.
  Time since last request: 0.000023 seconds.
  path: Assets/VR Beginner/Models/Radio.FBX
  artifactKey: Guid(6cf01a2728405b142859ffd2796ff3b8) Importer(815301076,1909f56bfc062723c751e8b465ee728b)
Start importing Assets/VR Beginner/Models/Radio.FBX using Guid(6cf01a2728405b142859ffd2796ff3b8) Importer(815301076,1909f56bfc062723c751e8b465ee728b)  -> (artifact id: '76965419ea0e07e44641c7d1f1f83699') in 0.042725 seconds 
========================================================================
Received Import Request.
  Time since last request: 0.000043 seconds.
  path: Assets/VR Beginner/Models/Wand.fbx
  artifactKey: Guid(5767d7915f9eadb48ac35b424d6a59c1) Importer(815301076,1909f56bfc062723c751e8b465ee728b)
Start importing Assets/VR Beginner/Models/Wand.fbx using Guid(5767d7915f9eadb48ac35b424d6a59c1) Importer(815301076,1909f56bfc062723c751e8b465ee728b)  -> (artifact id: '668a582763a2325339677eaaffa0333a') in 0.020830 seconds 
========================================================================
Received Import Request.
  Time since last request: 0.000048 seconds.
  path: Assets/VR Beginner/Models/Trees.fbx
  artifactKey: Guid(924c2cf304aa51d469a902134ad8856d) Importer(815301076,1909f56bfc062723c751e8b465ee728b)
Start importing Assets/VR Beginner/Models/Trees.fbx using Guid(924c2cf304aa51d469a902134ad8856d) Importer(815301076,1909f56bfc062723c751e8b465ee728b)  -> (artifact id: '7c0e051ebc19bfb78b307333d87e9338') in 0.272272 seconds 
========================================================================
Received Import Request.
  Time since last request: 0.000033 seconds.
  path: Assets/VR Beginner/Models/Toaster.fbx
  artifactKey: Guid(ceb05cd7b14eed644827add74f9edb54) Importer(815301076,1909f56bfc062723c751e8b465ee728b)
Start importing Assets/VR Beginner/Models/Toaster.fbx using Guid(ceb05cd7b14eed644827add74f9edb54) Importer(815301076,1909f56bfc062723c751e8b465ee728b)  -> (artifact id: 'd212a414d59fd0ffb7f29fc7e6c614ea') in 0.092453 seconds 
========================================================================
Received Import Request.
  Time since last request: 0.000048 seconds.
  path: Assets/VR Beginner/Models/Wristwatch.fbx
  artifactKey: Guid(e1913292ecadc644e93488c1e3d216e3) Importer(815301076,1909f56bfc062723c751e8b465ee728b)
Start importing Assets/VR Beginner/Models/Wristwatch.fbx using Guid(e1913292ecadc644e93488c1e3d216e3) Importer(815301076,1909f56bfc062723c751e8b465ee728b)  -> (artifact id: '003369f8776c77f22d2a0b0c7bbcd7b2') in 0.045462 seconds 
========================================================================
Received Import Request.
  Time since last request: 0.000027 seconds.
  path: Assets/VR Beginner/Models/PotionBottleBroken1.FBX
  artifactKey: Guid(aa92cc555032b1b4aa578cc3c0eb0bf5) Importer(815301076,1909f56bfc062723c751e8b465ee728b)
Start importing Assets/VR Beginner/Models/PotionBottleBroken1.FBX using Guid(aa92cc555032b1b4aa578cc3c0eb0bf5) Importer(815301076,1909f56bfc062723c751e8b465ee728b)  -> (artifact id: 'bb0aadf92c0819a06c2fd2ff3d317aff') in 0.163559 seconds 
========================================================================
Received Import Request.
  Time since last request: 0.000055 seconds.
  path: Assets/VR Beginner/Models/Pumpking.fbx
  artifactKey: Guid(79c5935e3d3ea504db56922a02205249) Importer(815301076,1909f56bfc062723c751e8b465ee728b)
Start importing Assets/VR Beginner/Models/Pumpking.fbx using Guid(79c5935e3d3ea504db56922a02205249) Importer(815301076,1909f56bfc062723c751e8b465ee728b)  -> (artifact id: 'fbe7e2d171097461c4e41237e1e387f3') in 0.026395 seconds 
========================================================================
Received Import Request.
  Time since last request: 0.000117 seconds.
  path: Assets/VR Beginner/Models/Scarf.fbx
  artifactKey: Guid(8b5162e08e7f2b64a85fce24dc8e6abf) Importer(815301076,1909f56bfc062723c751e8b465ee728b)
Start importing Assets/VR Beginner/Models/Scarf.fbx using Guid(8b5162e08e7f2b64a85fce24dc8e6abf) Importer(815301076,1909f56bfc062723c751e8b465ee728b)  -> (artifact id: '04b22bccddbb5cba49a5b409a3684c01') in 0.025991 seconds 
========================================================================
Received Import Request.
  Time since last request: 0.000049 seconds.
  path: Assets/VR Beginner/Models/Wardrobe.fbx
  artifactKey: Guid(ec79475349af80e449b8d9267e640e9a) Importer(815301076,1909f56bfc062723c751e8b465ee728b)
Start importing Assets/VR Beginner/Models/Wardrobe.fbx using Guid(ec79475349af80e449b8d9267e640e9a) Importer(815301076,1909f56bfc062723c751e8b465ee728b)  -> (artifact id: '374d8a87dd4c68ab1beacde921be5909') in 0.057532 seconds 
========================================================================
Received Import Request.
  Time since last request: 22.494495 seconds.
  path: Assets/VR Beginner/Animations
  artifactKey: Guid(2e6c0f0744b334843bb1aba809e15305) Importer(815301076,1909f56bfc062723c751e8b465ee728b)
Start importing Assets/VR Beginner/Animations using Guid(2e6c0f0744b334843bb1aba809e15305) Importer(815301076,1909f56bfc062723c751e8b465ee728b)  -> (artifact id: 'de911382a9bf31e655c0e98e4df23980') in 0.005207 seconds 
========================================================================
Received Import Request.
  Time since last request: 0.061134 seconds.
  path: Assets/VR Beginner/Animations/BookOfSpells@Animation.fbx
  artifactKey: Guid(83c217d13a9930c4181a945d55a69c7b) Importer(815301076,1909f56bfc062723c751e8b465ee728b)
Start importing Assets/VR Beginner/Animations/BookOfSpells@Animation.fbx using Guid(83c217d13a9930c4181a945d55a69c7b) Importer(815301076,1909f56bfc062723c751e8b465ee728b)  -> (artifact id: 'e35b1e295bcdb7cd98af1113064a97bd') in 0.033617 seconds 
========================================================================
Received Import Request.
  Time since last request: 0.000056 seconds.
  path: Assets/VR Beginner/Animations/Hand@Poses.fbx
  artifactKey: Guid(f3467b0dd7533ec4cbd03015b4c28f70) Importer(815301076,1909f56bfc062723c751e8b465ee728b)
Start importing Assets/VR Beginner/Animations/Hand@Poses.fbx using Guid(f3467b0dd7533ec4cbd03015b4c28f70) Importer(815301076,1909f56bfc062723c751e8b465ee728b)  -> (artifact id: '945a88d729f8c9ca071a3c27ba757e5c') in 0.034079 seconds 
========================================================================
Received Import Request.
  Time since last request: 3.152593 seconds.
  path: Assets/VR Beginner/Animations/UI
  artifactKey: Guid(59a955e5f17be3e418e90efe4e0e6fbe) Importer(815301076,1909f56bfc062723c751e8b465ee728b)
Start importing Assets/VR Beginner/Animations/UI using Guid(59a955e5f17be3e418e90efe4e0e6fbe) Importer(815301076,1909f56bfc062723c751e8b465ee728b)  -> (artifact id: 'ffeb787bf8f91b824a2890d3b28c024a') in 0.005285 seconds 
========================================================================
Received Import Request.
  Time since last request: 1.253041 seconds.
  path: Assets/VR Beginner/Animations/Door Sequence
  artifactKey: Guid(0ceab71f4c1e9f340ac3ecacf226e9bf) Importer(815301076,1909f56bfc062723c751e8b465ee728b)
Start importing Assets/VR Beginner/Animations/Door Sequence using Guid(0ceab71f4c1e9f340ac3ecacf226e9bf) Importer(815301076,1909f56bfc062723c751e8b465ee728b)  -> (artifact id: 'f70ad48bb177b0c0442924a017993938') in 0.004471 seconds 
========================================================================
Received Import Request.
  Time since last request: 0.044474 seconds.
  path: Assets/VR Beginner/Animations/Door Sequence/ExitDoorTimeline.playable
  artifactKey: Guid(67a08861189b7874fac8b9dadcbeb9a7) Importer(815301076,1909f56bfc062723c751e8b465ee728b)
Start importing Assets/VR Beginner/Animations/Door Sequence/ExitDoorTimeline.playable using Guid(67a08861189b7874fac8b9dadcbeb9a7) Importer(815301076,1909f56bfc062723c751e8b465ee728b)  -> (artifact id: 'a68b3ba7f2bb1ad7a952f634957db57b') in 0.010211 seconds 
========================================================================
Received Import Request.
  Time since last request: 0.901616 seconds.
  path: Assets/VR Beginner/Animations/Controllers
  artifactKey: Guid(0e6515dbd0963f8489cfbd833a2e44ac) Importer(815301076,1909f56bfc062723c751e8b465ee728b)
Start importing Assets/VR Beginner/Animations/Controllers using Guid(0e6515dbd0963f8489cfbd833a2e44ac) Importer(815301076,1909f56bfc062723c751e8b465ee728b)  -> (artifact id: 'c8b32957f79d2405d4fbb93af89013bf') in 0.004626 seconds 
========================================================================
Received Import Request.
  Time since last request: 8.529635 seconds.
  path: Assets/VR Beginner/Data
  artifactKey: Guid(113927a15f7ef9341919286f8e61b293) Importer(815301076,1909f56bfc062723c751e8b465ee728b)
Start importing Assets/VR Beginner/Data using Guid(113927a15f7ef9341919286f8e61b293) Importer(815301076,1909f56bfc062723c751e8b465ee728b)  -> (artifact id: '29950ac46b28f99f06a0634e722fee57') in 0.004175 seconds 
========================================================================
Received Import Request.
  Time since last request: 0.076190 seconds.
  path: Assets/VR Beginner/Data/CCDatabase.asset
  artifactKey: Guid(b1268527e8a2f8d48b3959ed0a30f996) Importer(815301076,1909f56bfc062723c751e8b465ee728b)
Start importing Assets/VR Beginner/Data/CCDatabase.asset using Guid(b1268527e8a2f8d48b3959ed0a30f996) Importer(815301076,1909f56bfc062723c751e8b465ee728b)  -> (artifact id: '6d4fb7c7637acf8fad4368117beeb2b4') in 0.007349 seconds 
========================================================================
Received Import Request.
  Time since last request: 0.000029 seconds.
  path: Assets/VR Beginner/Data/UniversalRenderPipelineAssetRenderer.asset
  artifactKey: Guid(4245e2f1ebcada34d884778e76609d55) Importer(815301076,1909f56bfc062723c751e8b465ee728b)
Start importing Assets/VR Beginner/Data/UniversalRenderPipelineAssetRenderer.asset using Guid(4245e2f1ebcada34d884778e76609d55) Importer(815301076,1909f56bfc062723c751e8b465ee728b)  -> (artifact id: '13639770cdfd77704ce5feb29bad3722') in 0.005326 seconds 
========================================================================
Received Import Request.
  Time since last request: 19.349745 seconds.
  path: Assets/VR Beginner/Prefabs
  artifactKey: Guid(4e7f690001c11254797d08696ea41c86) Importer(815301076,1909f56bfc062723c751e8b465ee728b)
Start importing Assets/VR Beginner/Prefabs using Guid(4e7f690001c11254797d08696ea41c86) Importer(815301076,1909f56bfc062723c751e8b465ee728b)  -> (artifact id: 'bb9442784ba7f6a07ac54edabcbd1b54') in 0.004780 seconds 
========================================================================
Received Import Request.
  Time since last request: 1.105141 seconds.
  path: Assets/VR Beginner/Prefabs/EscapeRoom
  artifactKey: Guid(1a076c6f178bd6848938cbb6920ed8fb) Importer(815301076,1909f56bfc062723c751e8b465ee728b)
Start importing Assets/VR Beginner/Prefabs/EscapeRoom using Guid(1a076c6f178bd6848938cbb6920ed8fb) Importer(815301076,1909f56bfc062723c751e8b465ee728b)  -> (artifact id: 'f2cc9bb388fde0d9c4238a227e8ebaca') in 0.003843 seconds 
========================================================================
Received Import Request.
  Time since last request: 0.086489 seconds.
  path: Assets/VR Beginner/Prefabs/EscapeRoom/BookOfSpells.prefab
  artifactKey: Guid(942fad8a26445c44596b9797de96bc39) Importer(815301076,1909f56bfc062723c751e8b465ee728b)
Start importing Assets/VR Beginner/Prefabs/EscapeRoom/BookOfSpells.prefab using Guid(942fad8a26445c44596b9797de96bc39) Importer(815301076,1909f56bfc062723c751e8b465ee728b)  -> (artifact id: '06c5986552f7dd69dbc3f25eb48d254d') in 0.021661 seconds 
========================================================================
Received Import Request.
  Time since last request: 0.000044 seconds.
  path: Assets/VR Beginner/Prefabs/EscapeRoom/RightHand.prefab
  artifactKey: Guid(fd964ab92a61d11448a9acbf2d78af8d) Importer(815301076,1909f56bfc062723c751e8b465ee728b)
Start importing Assets/VR Beginner/Prefabs/EscapeRoom/RightHand.prefab using Guid(fd964ab92a61d11448a9acbf2d78af8d) Importer(815301076,1909f56bfc062723c751e8b465ee728b)  -> (artifact id: '980f825a3a3181b297cfdfb9d09de699') in 0.017428 seconds 
========================================================================
Received Import Request.
  Time since last request: 0.000042 seconds.
  path: Assets/VR Beginner/Prefabs/EscapeRoom/Wand.prefab
  artifactKey: Guid(c8f2b1b288a4937408386e95b4b23812) Importer(815301076,1909f56bfc062723c751e8b465ee728b)
Start importing Assets/VR Beginner/Prefabs/EscapeRoom/Wand.prefab using Guid(c8f2b1b288a4937408386e95b4b23812) Importer(815301076,1909f56bfc062723c751e8b465ee728b)  -> (artifact id: 'b84878c8ce9b48824738ceb909d9ebec') in 0.020176 seconds 
========================================================================
Received Import Request.
  Time since last request: 0.000034 seconds.
  path: Assets/VR Beginner/Prefabs/EscapeRoom/SecretInstructions.prefab
  artifactKey: Guid(7ed4674fd922ca748b5e81975ad7bafc) Importer(815301076,1909f56bfc062723c751e8b465ee728b)
Start importing Assets/VR Beginner/Prefabs/EscapeRoom/SecretInstructions.prefab using Guid(7ed4674fd922ca748b5e81975ad7bafc) Importer(815301076,1909f56bfc062723c751e8b465ee728b)  -> (artifact id: '7faf55821deedec64ac90dc22e1e1a81') in 0.023535 seconds 
========================================================================
Received Import Request.
  Time since last request: 0.000052 seconds.
  path: Assets/VR Beginner/Prefabs/EscapeRoom/Lights.prefab
  artifactKey: Guid(d7ef83178df60b5478603626bb9c7335) Importer(815301076,1909f56bfc062723c751e8b465ee728b)
Start importing Assets/VR Beginner/Prefabs/EscapeRoom/Lights.prefab using Guid(d7ef83178df60b5478603626bb9c7335) Importer(815301076,1909f56bfc062723c751e8b465ee728b)  -> (artifact id: 'a1bc526620f0363067be287ae5f83c17') in 0.011002 seconds 
========================================================================
Received Import Request.
  Time since last request: 0.000045 seconds.
  path: Assets/VR Beginner/Prefabs/EscapeRoom/Lantern.prefab
  artifactKey: Guid(c6f09ea75abbda04fabde0f9b5e50cee) Importer(815301076,1909f56bfc062723c751e8b465ee728b)
Start importing Assets/VR Beginner/Prefabs/EscapeRoom/Lantern.prefab using Guid(c6f09ea75abbda04fabde0f9b5e50cee) Importer(815301076,1909f56bfc062723c751e8b465ee728b)  -> (artifact id: '76e1691af50524f0217f5ee8a0065174') in 0.024822 seconds 
========================================================================
Received Import Request.
  Time since last request: 5.058556 seconds.
  path: Assets/VR Beginner/Prefabs/Stations
  artifactKey: Guid(e600fe4624bf1024395d5d18743fa65a) Importer(815301076,1909f56bfc062723c751e8b465ee728b)
Start importing Assets/VR Beginner/Prefabs/Stations using Guid(e600fe4624bf1024395d5d18743fa65a) Importer(815301076,1909f56bfc062723c751e8b465ee728b)  -> (artifact id: '7c007e04c1a9548a0327a74f26d9407b') in 0.004575 seconds 
========================================================================
Received Import Request.
  Time since last request: 0.058194 seconds.
  path: Assets/VR Beginner/Prefabs/Stations/BookHolder.prefab
  artifactKey: Guid(8065d8971437c8d4f9ae6b7bdce5f2d1) Importer(815301076,1909f56bfc062723c751e8b465ee728b)
Start importing Assets/VR Beginner/Prefabs/Stations/BookHolder.prefab using Guid(8065d8971437c8d4f9ae6b7bdce5f2d1) Importer(815301076,1909f56bfc062723c751e8b465ee728b)  -> (artifact id: '835169ab0139c1acf24d7354da805955') in 0.017779 seconds 
========================================================================
Received Import Request.
  Time since last request: 0.000024 seconds.
  path: Assets/VR Beginner/Prefabs/Stations/PotionSpawner.prefab
  artifactKey: Guid(34f60038cbdc1bc4cbcf03f80d58de66) Importer(815301076,1909f56bfc062723c751e8b465ee728b)
Start importing Assets/VR Beginner/Prefabs/Stations/PotionSpawner.prefab using Guid(34f60038cbdc1bc4cbcf03f80d58de66) Importer(815301076,1909f56bfc062723c751e8b465ee728b)  -> (artifact id: '62bb285a9a97b49d179c41d13172e2a8') in 0.026814 seconds 
========================================================================
Received Import Request.
  Time since last request: 0.000029 seconds.
  path: Assets/VR Beginner/Prefabs/Stations/ExitDoor.prefab
  artifactKey: Guid(837ee73cd60b7964cbaa4cad186161d9) Importer(815301076,1909f56bfc062723c751e8b465ee728b)
Start importing Assets/VR Beginner/Prefabs/Stations/ExitDoor.prefab using Guid(837ee73cd60b7964cbaa4cad186161d9) Importer(815301076,1909f56bfc062723c751e8b465ee728b)  -> (artifact id: 'e7983d6e7686f8a86ad6888573ca2ea7') in 0.034637 seconds 
========================================================================
Received Import Request.
  Time since last request: 22.688202 seconds.
  path: Assets/VR Beginner/Prefabs/PrototypeScene
  artifactKey: Guid(aa795e2d6f187c44b9e23530ffc755bd) Importer(815301076,1909f56bfc062723c751e8b465ee728b)
Start importing Assets/VR Beginner/Prefabs/PrototypeScene using Guid(aa795e2d6f187c44b9e23530ffc755bd) Importer(815301076,1909f56bfc062723c751e8b465ee728b)  -> (artifact id: 'd21463bc09b00359d5e06d5b9ed21e29') in 0.003698 seconds 
========================================================================
Received Import Request.
  Time since last request: 0.063668 seconds.
  path: Assets/VR Beginner/Prefabs/PrototypeScene/BubbleGun.prefab
  artifactKey: Guid(eaa84f54f50e8884c80cfa5a47a92c44) Importer(815301076,1909f56bfc062723c751e8b465ee728b)
Start importing Assets/VR Beginner/Prefabs/PrototypeScene/BubbleGun.prefab using Guid(eaa84f54f50e8884c80cfa5a47a92c44) Importer(815301076,1909f56bfc062723c751e8b465ee728b)  -> (artifact id: 'cca1158dda2723eb3e37a1df923b9f1e') in 0.023236 seconds 
========================================================================
Received Import Request.
  Time since last request: 0.000050 seconds.
  path: Assets/VR Beginner/Prefabs/PrototypeScene/Flashlight.prefab
  artifactKey: Guid(3219c13bf087a7e4f9756cc8c9207b27) Importer(815301076,1909f56bfc062723c751e8b465ee728b)
Start importing Assets/VR Beginner/Prefabs/PrototypeScene/Flashlight.prefab using Guid(3219c13bf087a7e4f9756cc8c9207b27) Importer(815301076,1909f56bfc062723c751e8b465ee728b)  -> (artifact id: 'c74d7673d2967ff6019a9071c139950c') in 0.016872 seconds 
========================================================================
Received Import Request.
  Time since last request: 0.000030 seconds.
  path: Assets/VR Beginner/Prefabs/PrototypeScene/Kettle Variant.prefab
  artifactKey: Guid(b86e1f99a5d722c45a76f188ef813fd1) Importer(815301076,1909f56bfc062723c751e8b465ee728b)
Start importing Assets/VR Beginner/Prefabs/PrototypeScene/Kettle Variant.prefab using Guid(b86e1f99a5d722c45a76f188ef813fd1) Importer(815301076,1909f56bfc062723c751e8b465ee728b)  -> (artifact id: '40369325c42bc762ba88f9aa8b79bf88') in 0.024401 seconds 
========================================================================
Received Import Request.
  Time since last request: 0.000037 seconds.
  path: Assets/VR Beginner/Prefabs/PrototypeScene/Hourglass.prefab
  artifactKey: Guid(eaee21068672cc04b8d79c2fc8506939) Importer(815301076,1909f56bfc062723c751e8b465ee728b)
Start importing Assets/VR Beginner/Prefabs/PrototypeScene/Hourglass.prefab using Guid(eaee21068672cc04b8d79c2fc8506939) Importer(815301076,1909f56bfc062723c751e8b465ee728b)  -> (artifact id: '04b0bdc33360d35a99e80f9edba5e1b6') in 0.026792 seconds 
========================================================================
Received Import Request.
  Time since last request: 4.499146 seconds.
  path: Assets/VR Beginner/Prefabs/Potions
  artifactKey: Guid(29d7cf0ac4b7a8840bc0e6d0fe2aa273) Importer(815301076,1909f56bfc062723c751e8b465ee728b)
Start importing Assets/VR Beginner/Prefabs/Potions using Guid(29d7cf0ac4b7a8840bc0e6d0fe2aa273) Importer(815301076,1909f56bfc062723c751e8b465ee728b)  -> (artifact id: 'c27af98c785163d6d2bb62cc29094f66') in 0.004618 seconds 
========================================================================
Received Import Request.
  Time since last request: 0.076956 seconds.
  path: Assets/VR Beginner/Prefabs/Potions/PotionBottle1.prefab
  artifactKey: Guid(b4bbe15423322ed41a7f5c18437c5a46) Importer(815301076,1909f56bfc062723c751e8b465ee728b)
Start importing Assets/VR Beginner/Prefabs/Potions/PotionBottle1.prefab using Guid(b4bbe15423322ed41a7f5c18437c5a46) Importer(815301076,1909f56bfc062723c751e8b465ee728b)  -> (artifact id: '78ffb9a1eed3198ad5e389259ddfb8a0') in 0.023440 seconds 
========================================================================
Received Import Request.
  Time since last request: 0.000030 seconds.
  path: Assets/VR Beginner/Prefabs/Potions/PotionBottleBad.prefab
  artifactKey: Guid(76e3827b96e96044a9d5c93221f53020) Importer(815301076,1909f56bfc062723c751e8b465ee728b)
Start importing Assets/VR Beginner/Prefabs/Potions/PotionBottleBad.prefab using Guid(76e3827b96e96044a9d5c93221f53020) Importer(815301076,1909f56bfc062723c751e8b465ee728b)  -> (artifact id: 'd38832e46118e68a35e67307fe5876ae') in 0.024633 seconds 
========================================================================
Received Import Request.
  Time since last request: 1.376365 seconds.
  path: Assets/VR Beginner/Prefabs/Ingredients
  artifactKey: Guid(2ae7ad9b292f6cc4cb8c6654d2f85201) Importer(815301076,1909f56bfc062723c751e8b465ee728b)
Start importing Assets/VR Beginner/Prefabs/Ingredients using Guid(2ae7ad9b292f6cc4cb8c6654d2f85201) Importer(815301076,1909f56bfc062723c751e8b465ee728b)  -> (artifact id: 'f8a66535db9b9ba0968f53a12a0b8c18') in 0.004765 seconds 
========================================================================
Received Import Request.
  Time since last request: 0.076330 seconds.
  path: Assets/VR Beginner/Prefabs/Ingredients/Cheese.prefab
  artifactKey: Guid(05a1a1043460c314da6c90b8bd7cc28c) Importer(815301076,1909f56bfc062723c751e8b465ee728b)
Start importing Assets/VR Beginner/Prefabs/Ingredients/Cheese.prefab using Guid(05a1a1043460c314da6c90b8bd7cc28c) Importer(815301076,1909f56bfc062723c751e8b465ee728b)  -> (artifact id: '0713220057038dadf05d0b435268c77d') in 0.007531 seconds 
========================================================================
Received Import Request.
  Time since last request: 0.000025 seconds.
  path: Assets/VR Beginner/Prefabs/Ingredients/Onion.prefab
  artifactKey: Guid(ba179794458011749b87f8ff88b4c662) Importer(815301076,1909f56bfc062723c751e8b465ee728b)
Start importing Assets/VR Beginner/Prefabs/Ingredients/Onion.prefab using Guid(ba179794458011749b87f8ff88b4c662) Importer(815301076,1909f56bfc062723c751e8b465ee728b)  -> (artifact id: 'd9bc281a8a1f84d9e8646c3585588080') in 0.010510 seconds 
========================================================================
Received Import Request.
  Time since last request: 2.557169 seconds.
  path: Assets/VR Beginner/Prefabs/Tutorial
  artifactKey: Guid(7693b3503fdd20a439ab0007bc76cb0b) Importer(815301076,1909f56bfc062723c751e8b465ee728b)
Start importing Assets/VR Beginner/Prefabs/Tutorial using Guid(7693b3503fdd20a439ab0007bc76cb0b) Importer(815301076,1909f56bfc062723c751e8b465ee728b)  -> (artifact id: 'e6118b9d694d167c9c4325407d077756') in 0.004551 seconds 
========================================================================
Received Import Request.
  Time since last request: 0.043515 seconds.
  path: Assets/VR Beginner/Prefabs/Tutorial/Fuse.prefab
  artifactKey: Guid(3341466b7de624346be882932da05b6d) Importer(815301076,1909f56bfc062723c751e8b465ee728b)
Start importing Assets/VR Beginner/Prefabs/Tutorial/Fuse.prefab using Guid(3341466b7de624346be882932da05b6d) Importer(815301076,1909f56bfc062723c751e8b465ee728b)  -> (artifact id: 'a80fab9a3f2c5329c4def916496ec5e7') in 0.008005 seconds 
========================================================================
Received Import Request.
  Time since last request: 0.000028 seconds.
  path: Assets/VR Beginner/Prefabs/Tutorial/TeleporterBase.prefab
  artifactKey: Guid(321c75abba1ac9940b4193b057edc132) Importer(815301076,1909f56bfc062723c751e8b465ee728b)
Start importing Assets/VR Beginner/Prefabs/Tutorial/TeleporterBase.prefab using Guid(321c75abba1ac9940b4193b057edc132) Importer(815301076,1909f56bfc062723c751e8b465ee728b)  -> (artifact id: 'd4daba2e6c66727109e2589bf4a7e7c7') in 0.016565 seconds 
========================================================================
Received Import Request.
  Time since last request: 5.810126 seconds.
  path: Assets/VR Beginner/Shaders
  artifactKey: Guid(39bca87b05a87d94a8e834d4256173bb) Importer(815301076,1909f56bfc062723c751e8b465ee728b)
Start importing Assets/VR Beginner/Shaders using Guid(39bca87b05a87d94a8e834d4256173bb) Importer(815301076,1909f56bfc062723c751e8b465ee728b)  -> (artifact id: 'd3ae5b05f820af07fec9c37677a82bfe') in 0.003947 seconds 
========================================================================
Received Import Request.
  Time since last request: 8.638589 seconds.
  path: Packages/com.unity.collab-proxy/Editor/Collaborate/Assets/Styles/ChangesTabPageView.uss
  artifactKey: Guid(105b0e05b7ff8d147ad5c7aeed41e3b7) Importer(815301076,1909f56bfc062723c751e8b465ee728b)
Start importing Packages/com.unity.collab-proxy/Editor/Collaborate/Assets/Styles/ChangesTabPageView.uss using Guid(105b0e05b7ff8d147ad5c7aeed41e3b7) Importer(815301076,1909f56bfc062723c751e8b465ee728b)  -> (artifact id: '03ad04880c102d2c826fd5e0fe5c4f3f') in 0.014309 seconds 
========================================================================
Received Import Request.
  Time since last request: 21.699279 seconds.
  path: Packages/com.unity.xr.legacyinputhelpers/Editor/TrackedPoseDriver/UnityEditor.SpatialTracking.asmdef
  artifactKey: Guid(b13a1d1dfb13f1b489a0ff5612f36f29) Importer(815301076,1909f56bfc062723c751e8b465ee728b)
Start importing Packages/com.unity.xr.legacyinputhelpers/Editor/TrackedPoseDriver/UnityEditor.SpatialTracking.asmdef using Guid(b13a1d1dfb13f1b489a0ff5612f36f29) Importer(815301076,1909f56bfc062723c751e8b465ee728b)  -> (artifact id: 'b9515db8fea42a82d972d5e9a02464cf') in 0.008038 seconds 
========================================================================
Received Import Request.
  Time since last request: 1789.838932 seconds.
  path: Assets/VR Beginner/VFX/Sparks/SparksParticles.prefab
  artifactKey: Guid(33099651b8c66144aa2f4364d3c49ffb) Importer(815301076,1909f56bfc062723c751e8b465ee728b)
Start importing Assets/VR Beginner/VFX/Sparks/SparksParticles.prefab using Guid(33099651b8c66144aa2f4364d3c49ffb) Importer(815301076,1909f56bfc062723c751e8b465ee728b)  -> (artifact id: '5a2206fa0a2b4130185e45a314d789d7') in 0.026366 seconds 
