Using pre-set license
Built from '2020.3/staging' branch; Version is '2020.3.24f1 (79c78de19888) revision 7980941'; Using compiler version '192528614'; Build Type 'Release'
OS: 'Windows 10  (10.0.19044) 64bit Core' Language: 'ru' Physical Memory: 16122 MB
BatchMode: 1, IsHumanControllingUs: 0, StartBugReporterOnCrash: 0, Is64bit: 1, IsPro: 0

COMMAND LINE ARGUMENTS:
C:\Program Files\Unity\Hub\Editor\2020.3.24f1\Editor\Unity.exe
-adb2
-batchMode
-noUpm
-name
AssetImportWorker0
-projectPath
C:/Unity/UnityProjects/VRP
-logFile
Logs/AssetImportWorker0.log
-srvPort
54021
Successfully changed project path to: C:/Unity/UnityProjects/VRP
C:/Unity/UnityProjects/VRP
Using Asset Import Pipeline V2.
Refreshing native plugins compatible for Editor in 85.25 ms, found 6 plugins.
Preloading 0 native plugins for Editor in 0.00 ms.
Initialize engine version: 2020.3.24f1 (79c78de19888)
[Subsystems] Discovering subsystems at path C:/Program Files/Unity/Hub/Editor/2020.3.24f1/Editor/Data/Resources/UnitySubsystems
[Subsystems] Discovering subsystems at path C:/Unity/UnityProjects/VRP/Assets
GfxDevice: creating device client; threaded=0
Direct3D:
    Version:  Direct3D 11.0 [level 11.1]
    Renderer: NVIDIA GeForce RTX 3060 Laptop GPU (ID=0x2520)
    Vendor:   
    VRAM:     6023 MB
    Driver:   30.0.15.1278
Initialize mono
Mono path[0] = 'C:/Program Files/Unity/Hub/Editor/2020.3.24f1/Editor/Data/Managed'
Mono path[1] = 'C:/Program Files/Unity/Hub/Editor/2020.3.24f1/Editor/Data/MonoBleedingEdge/lib/mono/unityjit'
Mono config path = 'C:/Program Files/Unity/Hub/Editor/2020.3.24f1/Editor/Data/MonoBleedingEdge/etc'
Using monoOptions --debugger-agent=transport=dt_socket,embedding=1,server=y,suspend=n,address=127.0.0.1:56728
Begin MonoManager ReloadAssembly
Registering precompiled unity dll's ...
Register platform support module: C:/Program Files/Unity/Hub/Editor/2020.3.24f1/Editor/Data/PlaybackEngines/WebGLSupport/UnityEditor.WebGL.Extensions.dll
Register platform support module: C:/Program Files/Unity/Hub/Editor/2020.3.24f1/Editor/Data/PlaybackEngines/WindowsStandaloneSupport/UnityEditor.WindowsStandalone.Extensions.dll
Registered in 0.002147 seconds.
Native extension for WindowsStandalone target not found
Native extension for WebGL target not found
Refreshing native plugins compatible for Editor in 83.18 ms, found 6 plugins.
Preloading 0 native plugins for Editor in 0.00 ms.
Mono: successfully reloaded assembly
- Completed reload, in  0.501 seconds
Domain Reload Profiling:
	ReloadAssembly (501ms)
		BeginReloadAssembly (44ms)
			ExecutionOrderSort (0ms)
			DisableScriptedObjects (0ms)
			BackupInstance (0ms)
			ReleaseScriptingObjects (0ms)
			CreateAndSetChildDomain (1ms)
		EndReloadAssembly (399ms)
			LoadAssemblies (42ms)
			RebuildTransferFunctionScriptingTraits (0ms)
			SetupTypeCache (127ms)
			ReleaseScriptCaches (0ms)
			RebuildScriptCaches (20ms)
			SetupLoadedEditorAssemblies (168ms)
				LogAssemblyErrors (0ms)
				InitializePlatformSupportModulesInManaged (4ms)
				SetLoadedEditorAssemblies (0ms)
				RefreshPlugins (83ms)
				BeforeProcessingInitializeOnLoad (12ms)
				ProcessInitializeOnLoadAttributes (52ms)
				ProcessInitializeOnLoadMethodAttributes (17ms)
				AfterProcessingInitializeOnLoad (0ms)
				EditorAssembliesLoaded (0ms)
			ExecutionOrderSort2 (0ms)
			AwakeInstancesAfterBackupRestoration (0ms)
Platform modules already initialized, skipping
Registering precompiled user dll's ...
Registered in 0.006176 seconds.
Begin MonoManager ReloadAssembly
Symbol file LoadedFromMemory doesn't match image C:\Unity\UnityProjects\VRP\Library\PackageCache\com.unity.visualscripting@1.7.8\Editor\VisualScripting.Core\Dependencies\YamlDotNet\Unity.VisualScripting.YamlDotNet.dll
Symbol file LoadedFromMemory doesn't match image C:\Unity\UnityProjects\VRP\Library\PackageCache\com.unity.visualscripting@1.7.8\Editor\VisualScripting.Core\Dependencies\DotNetZip\Unity.VisualScripting.IonicZip.dll
Native extension for WindowsStandalone target not found
Native extension for WebGL target not found
Refreshing native plugins compatible for Editor in 0.75 ms, found 6 plugins.
Preloading 0 native plugins for Editor in 0.00 ms.
Mono: successfully reloaded assembly
- Completed reload, in  0.885 seconds
Domain Reload Profiling:
	ReloadAssembly (885ms)
		BeginReloadAssembly (110ms)
			ExecutionOrderSort (0ms)
			DisableScriptedObjects (3ms)
			BackupInstance (0ms)
			ReleaseScriptingObjects (0ms)
			CreateAndSetChildDomain (17ms)
		EndReloadAssembly (728ms)
			LoadAssemblies (77ms)
			RebuildTransferFunctionScriptingTraits (0ms)
			SetupTypeCache (248ms)
			ReleaseScriptCaches (1ms)
			RebuildScriptCaches (42ms)
			SetupLoadedEditorAssemblies (293ms)
				LogAssemblyErrors (0ms)
				InitializePlatformSupportModulesInManaged (4ms)
				SetLoadedEditorAssemblies (0ms)
				RefreshPlugins (1ms)
				BeforeProcessingInitializeOnLoad (88ms)
				ProcessInitializeOnLoadAttributes (187ms)
				ProcessInitializeOnLoadMethodAttributes (7ms)
				AfterProcessingInitializeOnLoad (5ms)
				EditorAssembliesLoaded (0ms)
			ExecutionOrderSort2 (0ms)
			AwakeInstancesAfterBackupRestoration (4ms)
Platform modules already initialized, skipping
========================================================================
Worker process is ready to serve import requests
Launched and connected shader compiler UnityShaderCompiler.exe after 0.05 seconds
Refreshing native plugins compatible for Editor in 0.70 ms, found 6 plugins.
Preloading 0 native plugins for Editor in 0.00 ms.
Unloading 3659 Unused Serialized files (Serialized files now loaded: 0)
System memory in use before: 149.4 MB.
System memory in use after: 149.6 MB.

Unloading 23 unused Assets to reduce memory usage. Loaded Objects now: 4123.
Total: 2.736100 ms (FindLiveObjects: 0.250300 ms CreateObjectMapping: 0.088800 ms MarkObjects: 2.356900 ms  DeleteObjects: 0.039300 ms)

AssetImportParameters requested are different than current active one (requested -> active):
  custom:framework-win-MediaFoundation: 216162199b28c13a410421893ffa2e32 -> 
  custom:video-decoder-ogg-theora: a1e56fd34408186e4bbccfd4996cb3dc -> 
  custom:container-muxer-webm: aa71ff27fc2769a1b78a27578f13a17b -> 
  custom:container-demuxer-webm: 4f35f7cbe854078d1ac9338744f61a02 -> 
  custom:container-demuxer-ogg: 62fdf1f143b41e24485cea50d1cbac27 -> 
  custom:video-encoder-webm-vp8: eb34c28f22e8b96e1ab97ce403110664 -> 
  custom:video-decoder-webm-vp8: 9c59270c3fd7afecdb556c50c9e8de78 -> 
  custom:audio-decoder-ogg-vorbis: bf7c407c2cedff20999df2af8eb42d56 -> 
  custom:audio-encoder-webm-vorbis: bf7c407c2cedff20999df2af8eb42d56 -> 
========================================================================
Received Import Request.
  path: Assets/Readme.asset
  artifactKey: Guid(3ba1d07eed67b0049afc97a6f49a209a) Importer(815301076,1909f56bfc062723c751e8b465ee728b)
Start importing Assets/Readme.asset using Guid(3ba1d07eed67b0049afc97a6f49a209a) Importer(815301076,1909f56bfc062723c751e8b465ee728b)  -> (artifact id: 'be112690acf745afcd5c12cee5a8f719') in 0.021248 seconds 
  Import took 0.025906 seconds .

========================================================================
Received Import Request.
  Time since last request: 18.697848 seconds.
  path: Assets/4_Fire
  artifactKey: Guid(879bdd5ce6f22364bbf05a9be35b6182) Importer(815301076,1909f56bfc062723c751e8b465ee728b)
Start importing Assets/4_Fire using Guid(879bdd5ce6f22364bbf05a9be35b6182) Importer(815301076,1909f56bfc062723c751e8b465ee728b)  -> (artifact id: 'ffac8d641c892c65d512462c8dd69170') in 0.003972 seconds 
  Import took 0.008838 seconds .

========================================================================
Received Import Request.
  Time since last request: 1.134859 seconds.
  path: Assets/4_Fire/Materials
  artifactKey: Guid(9e2d4ec8ba27f844387bdd6be0094f43) Importer(815301076,1909f56bfc062723c751e8b465ee728b)
Start importing Assets/4_Fire/Materials using Guid(9e2d4ec8ba27f844387bdd6be0094f43) Importer(815301076,1909f56bfc062723c751e8b465ee728b)  -> (artifact id: 'd99865b586f35455460132f53335c2e0') in 0.003962 seconds 
  Import took 0.009295 seconds .

========================================================================
Received Import Request.
  Time since last request: 0.067842 seconds.
  path: Assets/4_Fire/Materials/MAT_Fire_Add.mat
  artifactKey: Guid(4bfa83e8cbf524542ba782ba47029dd3) Importer(815301076,1909f56bfc062723c751e8b465ee728b)
Start importing Assets/4_Fire/Materials/MAT_Fire_Add.mat using Guid(4bfa83e8cbf524542ba782ba47029dd3) Importer(815301076,1909f56bfc062723c751e8b465ee728b)  -> (artifact id: 'a3e97a83ddf5303959e8f4f9812daf1e') in 0.123395 seconds 
  Import took 0.128636 seconds .

========================================================================
Received Import Request.
  Time since last request: 0.000192 seconds.
  path: Assets/4_Fire/Materials/MAT_Fire_Alpha.mat
  artifactKey: Guid(70359751edd22ec4fb2b5f3f07c001bd) Importer(815301076,1909f56bfc062723c751e8b465ee728b)
Start importing Assets/4_Fire/Materials/MAT_Fire_Alpha.mat using Guid(70359751edd22ec4fb2b5f3f07c001bd) Importer(815301076,1909f56bfc062723c751e8b465ee728b)  -> (artifact id: '1524e84f1546ce2552f2b5844c8f05a3') in 0.033046 seconds 
  Import took 0.038134 seconds .

========================================================================
Received Import Request.
  Time since last request: 0.000205 seconds.
  path: Assets/4_Fire/Materials/MAT_Glow.mat
  artifactKey: Guid(f3849805a6cf9ed42b64886d16aa24c0) Importer(815301076,1909f56bfc062723c751e8b465ee728b)
Start importing Assets/4_Fire/Materials/MAT_Glow.mat using Guid(f3849805a6cf9ed42b64886d16aa24c0) Importer(815301076,1909f56bfc062723c751e8b465ee728b)  -> (artifact id: 'fc3b14dfd740e7de1e8a96a2fe8745d3') in 0.012497 seconds 
  Import took 0.017564 seconds .

========================================================================
Received Import Request.
  Time since last request: 0.000181 seconds.
  path: Assets/4_Fire/Materials/MAT_Sparks.mat
  artifactKey: Guid(2275a521c69866b4689735db39f5062c) Importer(815301076,1909f56bfc062723c751e8b465ee728b)
Start importing Assets/4_Fire/Materials/MAT_Sparks.mat using Guid(2275a521c69866b4689735db39f5062c) Importer(815301076,1909f56bfc062723c751e8b465ee728b)  -> (artifact id: 'e521ffa1b1c4a80dc3ff3be049b2aeaa') in 0.012038 seconds 
  Import took 0.017638 seconds .

========================================================================
Received Import Request.
  Time since last request: 1.710379 seconds.
  path: Assets/4_Fire/Objects
  artifactKey: Guid(15c572eb849562647b2c0bb2abc7e062) Importer(815301076,1909f56bfc062723c751e8b465ee728b)
Start importing Assets/4_Fire/Objects using Guid(15c572eb849562647b2c0bb2abc7e062) Importer(815301076,1909f56bfc062723c751e8b465ee728b)  -> (artifact id: '321d9a04fc997ccd50ec37c535ede73a') in 0.004286 seconds 
  Import took 0.010000 seconds .

========================================================================
Received Import Request.
  Time since last request: 0.054936 seconds.
  path: Assets/4_Fire/Objects/PS_Parent.prefab
  artifactKey: Guid(89956e675b749204c8e10395ce2b5fb9) Importer(815301076,1909f56bfc062723c751e8b465ee728b)
Start importing Assets/4_Fire/Objects/PS_Parent.prefab using Guid(89956e675b749204c8e10395ce2b5fb9) Importer(815301076,1909f56bfc062723c751e8b465ee728b)  -> (artifact id: 'b6db452023a51f0a7ab69beef8ee25cf') in 0.022591 seconds 
  Import took 0.028074 seconds .

========================================================================
Received Import Request.
  Time since last request: 16883.277571 seconds.
  path: Assets/LVL
  artifactKey: Guid(5efeda57b6598f74d839c1f241ec8698) Importer(815301076,1909f56bfc062723c751e8b465ee728b)
Start importing Assets/LVL using Guid(5efeda57b6598f74d839c1f241ec8698) Importer(815301076,1909f56bfc062723c751e8b465ee728b)  -> (artifact id: '503d7dced0da227e88406a76788f7b84') in 0.008019 seconds 
  Import took 0.087935 seconds .

========================================================================
Received Import Request.
  Time since last request: 0.478260 seconds.
  path: Assets/LVL/LVL.unity
  artifactKey: Guid(28f36400754afed4db02e73be6156021) Importer(815301076,1909f56bfc062723c751e8b465ee728b)
Start importing Assets/LVL/LVL.unity using Guid(28f36400754afed4db02e73be6156021) Importer(815301076,1909f56bfc062723c751e8b465ee728b)  -> (artifact id: 'b4daf99a0952abe9e515f2db04797ce9') in 0.021298 seconds 
  Import took 0.026669 seconds .

AssetImportWorkerClient::OnTransportError - code=2 error=End of file
